* using log directory ‘/netscratch/dep_psl/grp_rgo/pzhang/tools/Rbec/Rbec/Rbec.Rcheck’
* using R version 4.0.3 (2020-10-10)
* using platform: x86_64-conda-linux-gnu (64-bit)
* using session charset: UTF-8
* checking for file ‘Rbec/DESCRIPTION’ ... OK
* checking extension type ... Package
* this is package ‘Rbec’ version ‘0.99.0’
* checking package namespace information ... OK
* checking package dependencies ... OK
* checking if this is a source package ... OK
* checking if there is a namespace ... OK
* checking for executable files ... OK
* checking for hidden files and directories ... OK
* checking for portable file names ... OK
* checking for sufficient/correct file permissions ... OK
* checking whether package ‘Rbec’ can be installed ... OK
* checking installed package size ... OK
* checking package directory ... OK
* checking DESCRIPTION meta-information ... OK
* checking top-level files ... OK
* checking for left-over files ... OK
* checking index information ... OK
* checking package subdirectories ... OK
* checking R files for non-ASCII characters ... OK
* checking R files for syntax errors ... OK
* checking whether the package can be loaded ... OK
* checking whether the package can be loaded with stated dependencies ... OK
* checking whether the package can be unloaded cleanly ... OK
* checking whether the namespace can be loaded with stated dependencies ... OK
* checking whether the namespace can be unloaded cleanly ... OK
* checking loading without being on the library search path ... OK
* checking dependencies in R code ... OK
* checking S3 generic/method consistency ... OK
* checking replacement functions ... OK
* checking foreign function calls ... OK
* checking R code for possible problems ... NOTE
abd_prob : <anonymous>: no visible global function definition for
  ‘dpois’
Contam_detect: no visible global function definition for ‘var’
Contam_detect: no visible binding for global variable ‘outlier’
Contam_detect: no visible global function definition for ‘pdf’
Contam_detect: no visible global function definition for ‘dev.off’
Contam_detect: no visible global function definition for ‘write.table’
error_m: no visible binding for global variable ‘x’
loessErr: no visible global function definition for ‘loess’
loessErr: no visible global function definition for ‘predict’
Rbec: no visible global function definition for ‘write.table’
Undefined global functions or variables:
  dev.off dpois loess outlier pdf predict var write.table x
Consider adding
  importFrom("grDevices", "dev.off", "pdf")
  importFrom("stats", "dpois", "loess", "predict", "var")
  importFrom("utils", "write.table")
to your NAMESPACE file.
* checking Rd files ... NOTE
prepare_Rd: abd_prob.Rd:25-27: Dropping empty section \examples
prepare_Rd: consis_err.Rd:39-41: Dropping empty section \examples
prepare_Rd: Contam_detect.Rd:25-27: Dropping empty section \examples
prepare_Rd: error_m.Rd:29-31: Dropping empty section \examples
prepare_Rd: loessErr.Rd:23-25: Dropping empty section \examples
prepare_Rd: trans_m.Rd:23-25: Dropping empty section \examples
* checking Rd metadata ... OK
* checking Rd cross-references ... OK
* checking for missing documentation entries ... OK
* checking for code/documentation mismatches ... OK
* checking Rd \usage sections ... OK
* checking Rd contents ... OK
* checking for unstated dependencies in examples ... OK
* checking line endings in C/C++/Fortran sources/headers ... OK
* checking compiled code ... OK
* checking examples ... OK
* checking PDF version of manual ... WARNING
LaTeX errors when creating PDF version.
This typically indicates Rd problems.
LaTeX errors found:
! Font T1/cmr/m/n/10=ecrm1000 at 10.0pt not loadable: Metric (TFM) file not fou
nd.
<to be read again> 
                   relax 
l.105 \fontencoding\encodingdefault\selectfont
! Font T1/ptm/m/n/10=ptmr8t at 10.0pt not loadable: Metric (TFM) file not found
.
<to be read again> 
                   relax 
l.8 \begin{document}
! Font T1/ptm/m/n/24.88=ptmr8t at 24.88pt not loadable: Metric (TFM) file not f
ound.
<to be read again> 
                   relax 
l.9 \chapter*{}
! Font T1/ptm/bx/n/24.88=ptmb8t at 24.88pt not loadable: Metric (TFM) file not 
found.
<to be read again> 
                   relax 
l.9 \chapter*{}
! Font \T1/ptm/b/n/24.88=nullfont not loadable: Metric (TFM) file not found.
<to be read again> 
                   \relax 
l.9 \chapter*{}
               
! Font T1/ptm/bx/n/10=ptmb8t at 10.0pt not loadable: Metric (TFM) file not foun
d.
<to be read again> 
                   relax 
l.11 {\textbf{\huge Package `Rbec'}
! Font \T1/ptm/b/n/10=nullfont not loadable: Metric (TFM) file not found.
<to be read again> 
                   \relax 
l.11 {\textbf{\huge Package `Rbec'}
                                   }
! Font T1/ptm/bx/n/20.74=ptmb8t at 20.74pt not loadable: Metric (TFM) file not 
found.
<to be read again> 
                   relax 
l.11 {\textbf{\huge Package `Rbec'}
! Font \T1/ptm/b/n/20.74=nullfont not loadable: Metric (TFM) file not found.
<to be read again> 
                   \relax 
l.11 {\textbf{\huge Package `Rbec'}
                                   }
! Font T1/ptm/m/n/12=ptmr8t at 12.0pt not loadable: Metric (TFM) file not found
.
<to be read again> 
                   relax 
l.12 \par\bigskip{\large
! Font T1/pcr/m/n/10=pcrr8t at 10.0pt not loadable: Metric (TFM) file not found
.
<to be read again> 
                   relax 
l.29 ...Pengfan Zhang }\email{pzhang@mpipz.mpg.de}
! Font T1/ptm/m/n/14.4=ptmr8t at 14.4pt not loadable: Metric (TFM) file not fou
nd.
<to be read again> 
                   relax 
l.1 ...entsline {subsection}{abd\_prob}{1}{page.1}
! Font T1/ptm/bx/n/14.4=ptmb8t at 14.4pt not loadable: Metric (TFM) file not fo
und.
<to be read again> 
                   relax 
l.1 ...entsline {subsection}{abd\_prob}{1}{page.1}
! Font \T1/ptm/b/n/14.4=nullfont not loadable: Metric (TFM) file not found.
<to be read again> 
                   \relax 
l.1 ...entsline {subsection}{abd\_prob}{1}{page.1}
                                                  
! Font T1/phv/m/n/14.4=phvr8t at 14.4pt not loadable: Metric (TFM) file not fou
nd.
<to be read again> 
                   relax 
l.1 ...entsline {subsection}{abd\_prob}{1}{page.1}
! Font T1/ptm/m/it/10=ptmri8t at 10.0pt not loadable: Metric (TFM) file not fou
nd.
<to be read again> 
                   relax 
l.33 ...of amplicon sequencing data}{abd.Rul.prob}
! Font T1/ptm/m/sl/10=ptmro8t at 10.0pt not loadable: Metric (TFM) file not fou
nd.
<to be read again> 
                   relax 
l.142 R
! Font T1/ptm/m/n/9=ptmr8t at 9.0pt not loadable: Metric (TFM) file not found.
<to be read again> 
                   relax 
l.296 \begin{ExampleCode}
                         
! Font T1/pcr/m/n/9=pcrr8t at 9.0pt not loadable: Metric (TFM) file not found.
<to be read again> 
                   relax 
l.296 \begin{ExampleCode}
                         
* checking PDF version of manual without hyperrefs or index ... ERROR
* DONE
Status: 1 ERROR, 1 WARNING, 2 NOTEs
