Hmm ... looks like a package
This is pdfTeX, Version 3.14159265-2.6-1.40.17 (TeX Live 2016/Debian) (preloaded format=pdflatex)
 restricted \write18 enabled.
entering extended mode
(./Rd2.tex
LaTeX2e <2017/01/01> patch level 3
Babel <3.9r> and hyphenation patterns for 3 language(s) loaded.

(/usr/share/texlive/texmf-dist/tex/latex/base/book.cls
Document Class: book 2014/09/29 v1.4h Standard LaTeX document class
(/usr/share/texlive/texmf-dist/tex/latex/base/bk10.clo))
(/biodata/dep_psl/grp_rgo/pzhang/software/anaconda2/envs/qiime2-2020.11/lib/R/s
hare/texmf/tex/latex/Rd.sty
(/usr/share/texlive/texmf-dist/tex/latex/base/ifthen.sty)
(/usr/share/texlive/texmf-dist/tex/latex/tools/longtable.sty)
(/usr/share/texlive/texmf-dist/tex/latex/tools/bm.sty)
(/usr/share/texlive/texmf-dist/tex/latex/base/alltt.sty)
(/usr/share/texlive/texmf-dist/tex/latex/tools/verbatim.sty)
(/usr/share/texlive/texmf-dist/tex/latex/url/url.sty)
(/usr/share/texlive/texmf-dist/tex/latex/base/textcomp.sty
(/usr/share/texlive/texmf-dist/tex/latex/base/ts1enc.def))
(/usr/share/texlive/texmf-dist/tex/latex/base/fontenc.sty
(/usr/share/texlive/texmf-dist/tex/latex/base/t1enc.def)
kpathsea: Running mktextfm ecrm1000
/usr/share/texlive/texmf-dist/web2c/mktexnam: Could not map source abbreviation  for ecrm1000.
/usr/share/texlive/texmf-dist/web2c/mktexnam: Need to update ?
mktextfm: Running mf-nowin -progname=mf \mode:=ljfour; mag:=1; nonstopmode; input ecrm1000
This is METAFONT, Version 2.7182818 (TeX Live 2016/Debian) (preloaded base=mf)

kpathsea: Running mktexmf ecrm1000

! I can't find file `ecrm1000'.
<*> ...ljfour; mag:=1; nonstopmode; input ecrm1000
                                                  
Please type another input file name
! Emergency stop.
<*> ...ljfour; mag:=1; nonstopmode; input ecrm1000
                                                  
Transcript written on mfput.log.
grep: ecrm1000.log: No such file or directory
mktextfm: `mf-nowin -progname=mf \mode:=ljfour; mag:=1; nonstopmode; input ecrm1000' failed to make ecrm1000.tfm.
kpathsea: Appending font creation commands to missfont.log.

! Font T1/cmr/m/n/10=ecrm1000 at 10.0pt not loadable: Metric (TFM) file not fou
nd.
<to be read again> 
                   relax 
l.105 \fontencoding\encodingdefault\selectfont
                                              
) (/usr/share/texlive/texmf-dist/tex/latex/psnfss/times.sty))
(/usr/share/texlive/texmf-dist/tex/latex/base/inputenc.sty
(/usr/share/texlive/texmf-dist/tex/latex/base/utf8.def
(/usr/share/texlive/texmf-dist/tex/latex/base/t1enc.dfu)
(/usr/share/texlive/texmf-dist/tex/latex/base/ot1enc.dfu)
(/usr/share/texlive/texmf-dist/tex/latex/base/omsenc.dfu)
(/usr/share/texlive/texmf-dist/tex/latex/base/ts1enc.dfu))
(/usr/share/texlive/texmf-dist/tex/latex/base/latin1.def))
No file Rd2.aux.
(/usr/share/texlive/texmf-dist/tex/latex/base/ts1cmr.fd)
(/usr/share/texlive/texmf-dist/tex/latex/psnfss/t1ptm.fd)
kpathsea: Running mktextfm ptmr8t
/usr/share/texlive/texmf-dist/web2c/mktexnam: Could not map source abbreviation  for ptmr8t.
/usr/share/texlive/texmf-dist/web2c/mktexnam: Need to update ?
mktextfm: Running mf-nowin -progname=mf \mode:=ljfour; mag:=1; nonstopmode; input ptmr8t
This is METAFONT, Version 2.7182818 (TeX Live 2016/Debian) (preloaded base=mf)

kpathsea: Running mktexmf ptmr8t

! I can't find file `ptmr8t'.
<*> ...:=ljfour; mag:=1; nonstopmode; input ptmr8t
                                                  
Please type another input file name
! Emergency stop.
<*> ...:=ljfour; mag:=1; nonstopmode; input ptmr8t
                                                  
Transcript written on mfput.log.
grep: ptmr8t.log: No such file or directory
mktextfm: `mf-nowin -progname=mf \mode:=ljfour; mag:=1; nonstopmode; input ptmr8t' failed to make ptmr8t.tfm.

kpathsea: Running mktextfm ptmr8t
/usr/share/texlive/texmf-dist/web2c/mktexnam: Could not map source abbreviation  for ptmr8t.
/usr/share/texlive/texmf-dist/web2c/mktexnam: Need to update ?
mktextfm: Running mf-nowin -progname=mf \mode:=ljfour; mag:=1; nonstopmode; input ptmr8t
This is METAFONT, Version 2.7182818 (TeX Live 2016/Debian) (preloaded base=mf)

kpathsea: Running mktexmf ptmr8t

! I can't find file `ptmr8t'.
<*> ...:=ljfour; mag:=1; nonstopmode; input ptmr8t
                                                  
Please type another input file name
! Emergency stop.
<*> ...:=ljfour; mag:=1; nonstopmode; input ptmr8t
                                                  
Transcript written on mfput.log.
grep: ptmr8t.log: No such file or directory
mktextfm: `mf-nowin -progname=mf \mode:=ljfour; mag:=1; nonstopmode; input ptmr8t' failed to make ptmr8t.tfm.

kpathsea: Running mktextfm ptmb8t
/usr/share/texlive/texmf-dist/web2c/mktexnam: Could not map source abbreviation  for ptmb8t.
/usr/share/texlive/texmf-dist/web2c/mktexnam: Need to update ?
mktextfm: Running mf-nowin -progname=mf \mode:=ljfour; mag:=1; nonstopmode; input ptmb8t
This is METAFONT, Version 2.7182818 (TeX Live 2016/Debian) (preloaded base=mf)

kpathsea: Running mktexmf ptmb8t

! I can't find file `ptmb8t'.
<*> ...:=ljfour; mag:=1; nonstopmode; input ptmb8t
                                                  
Please type another input file name
! Emergency stop.
<*> ...:=ljfour; mag:=1; nonstopmode; input ptmb8t
                                                  
Transcript written on mfput.log.
grep: ptmb8t.log: No such file or directory
mktextfm: `mf-nowin -progname=mf \mode:=ljfour; mag:=1; nonstopmode; input ptmb8t' failed to make ptmb8t.tfm.

kpathsea: Running mktextfm nullfont
/usr/share/texlive/texmf-dist/web2c/mktexnam: Could not map source abbreviation  for nullfont.
/usr/share/texlive/texmf-dist/web2c/mktexnam: Need to update ?
mktextfm: Running mf-nowin -progname=mf \mode:=ljfour; mag:=1; nonstopmode; input nullfont
This is METAFONT, Version 2.7182818 (TeX Live 2016/Debian) (preloaded base=mf)

kpathsea: Running mktexmf nullfont

! I can't find file `nullfont'.
<*> ...ljfour; mag:=1; nonstopmode; input nullfont
                                                  
Please type another input file name
! Emergency stop.
<*> ...ljfour; mag:=1; nonstopmode; input nullfont
                                                  
Transcript written on mfput.log.
grep: nullfont.log: No such file or directory
mktextfm: `mf-nowin -progname=mf \mode:=ljfour; mag:=1; nonstopmode; input nullfont' failed to make nullfont.tfm.

kpathsea: Running mktextfm ptmb8t
/usr/share/texlive/texmf-dist/web2c/mktexnam: Could not map source abbreviation  for ptmb8t.
/usr/share/texlive/texmf-dist/web2c/mktexnam: Need to update ?
mktextfm: Running mf-nowin -progname=mf \mode:=ljfour; mag:=1; nonstopmode; input ptmb8t
This is METAFONT, Version 2.7182818 (TeX Live 2016/Debian) (preloaded base=mf)

kpathsea: Running mktexmf ptmb8t

! I can't find file `ptmb8t'.
<*> ...:=ljfour; mag:=1; nonstopmode; input ptmb8t
                                                  
Please type another input file name
! Emergency stop.
<*> ...:=ljfour; mag:=1; nonstopmode; input ptmb8t
                                                  
Transcript written on mfput.log.
grep: ptmb8t.log: No such file or directory
mktextfm: `mf-nowin -progname=mf \mode:=ljfour; mag:=1; nonstopmode; input ptmb8t' failed to make ptmb8t.tfm.

kpathsea: Running mktextfm nullfont
/usr/share/texlive/texmf-dist/web2c/mktexnam: Could not map source abbreviation  for nullfont.
/usr/share/texlive/texmf-dist/web2c/mktexnam: Need to update ?
mktextfm: Running mf-nowin -progname=mf \mode:=ljfour; mag:=1; nonstopmode; input nullfont
This is METAFONT, Version 2.7182818 (TeX Live 2016/Debian) (preloaded base=mf)

kpathsea: Running mktexmf nullfont

! I can't find file `nullfont'.
<*> ...ljfour; mag:=1; nonstopmode; input nullfont
                                                  
Please type another input file name
! Emergency stop.
<*> ...ljfour; mag:=1; nonstopmode; input nullfont
                                                  
Transcript written on mfput.log.
grep: nullfont.log: No such file or directory
mktextfm: `mf-nowin -progname=mf \mode:=ljfour; mag:=1; nonstopmode; input nullfont' failed to make nullfont.tfm.

kpathsea: Running mktextfm ptmb8t
/usr/share/texlive/texmf-dist/web2c/mktexnam: Could not map source abbreviation  for ptmb8t.
/usr/share/texlive/texmf-dist/web2c/mktexnam: Need to update ?
mktextfm: Running mf-nowin -progname=mf \mode:=ljfour; mag:=1; nonstopmode; input ptmb8t
This is METAFONT, Version 2.7182818 (TeX Live 2016/Debian) (preloaded base=mf)

kpathsea: Running mktexmf ptmb8t

! I can't find file `ptmb8t'.
<*> ...:=ljfour; mag:=1; nonstopmode; input ptmb8t
                                                  
Please type another input file name
! Emergency stop.
<*> ...:=ljfour; mag:=1; nonstopmode; input ptmb8t
                                                  
Transcript written on mfput.log.
grep: ptmb8t.log: No such file or directory
mktextfm: `mf-nowin -progname=mf \mode:=ljfour; mag:=1; nonstopmode; input ptmb8t' failed to make ptmb8t.tfm.

kpathsea: Running mktextfm nullfont
/usr/share/texlive/texmf-dist/web2c/mktexnam: Could not map source abbreviation  for nullfont.
/usr/share/texlive/texmf-dist/web2c/mktexnam: Need to update ?
mktextfm: Running mf-nowin -progname=mf \mode:=ljfour; mag:=1; nonstopmode; input nullfont
This is METAFONT, Version 2.7182818 (TeX Live 2016/Debian) (preloaded base=mf)

kpathsea: Running mktexmf nullfont

! I can't find file `nullfont'.
<*> ...ljfour; mag:=1; nonstopmode; input nullfont
                                                  
Please type another input file name
! Emergency stop.
<*> ...ljfour; mag:=1; nonstopmode; input nullfont
                                                  
Transcript written on mfput.log.
grep: nullfont.log: No such file or directory
mktextfm: `mf-nowin -progname=mf \mode:=ljfour; mag:=1; nonstopmode; input nullfont' failed to make nullfont.tfm.

kpathsea: Running mktextfm ptmr8t
/usr/share/texlive/texmf-dist/web2c/mktexnam: Could not map source abbreviation  for ptmr8t.
/usr/share/texlive/texmf-dist/web2c/mktexnam: Need to update ?
mktextfm: Running mf-nowin -progname=mf \mode:=ljfour; mag:=1; nonstopmode; input ptmr8t
This is METAFONT, Version 2.7182818 (TeX Live 2016/Debian) (preloaded base=mf)

kpathsea: Running mktexmf ptmr8t

! I can't find file `ptmr8t'.
<*> ...:=ljfour; mag:=1; nonstopmode; input ptmr8t
                                                  
Please type another input file name
! Emergency stop.
<*> ...:=ljfour; mag:=1; nonstopmode; input ptmr8t
                                                  
Transcript written on mfput.log.
grep: ptmr8t.log: No such file or directory
mktextfm: `mf-nowin -progname=mf \mode:=ljfour; mag:=1; nonstopmode; input ptmr8t' failed to make ptmr8t.tfm.

! Font T1/ptm/m/n/10=ptmr8t at 10.0pt not loadable: Metric (TFM) file not found
.
<to be read again> 
                   relax 
l.6 \begin{document}
                    
! Font T1/ptm/m/n/24.88=ptmr8t at 24.88pt not loadable: Metric (TFM) file not f
ound.
<to be read again> 
                   relax 
l.7 \chapter*{}
               
! Font T1/ptm/bx/n/24.88=ptmb8t at 24.88pt not loadable: Metric (TFM) file not 
found.
<to be read again> 
                   relax 
l.7 \chapter*{}
               
! Font \T1/ptm/b/n/24.88=nullfont not loadable: Metric (TFM) file not found.
<to be read again> 
                   \relax 
l.7 \chapter*{}
               
! Font T1/ptm/bx/n/10=ptmb8t at 10.0pt not loadable: Metric (TFM) file not foun
d.
<to be read again> 
                   relax 
l.9 {\textbf{\huge Package `Rbec'}
                                  }
! Font \T1/ptm/b/n/10=nullfont not loadable: Metric (TFM) file not found.
<to be read again> 
                   \relax 
l.9 {\textbf{\huge Package `Rbec'}
                                  }
! Font T1/ptm/bx/n/20.74=ptmb8t at 20.74pt not loadable: Metric (TFM) file not 
found.
<to be read again> 
                   relax 
l.9 {\textbf{\huge Package `Rbec'}
                                  }
! Font \T1/ptm/b/n/20.74=nullfont not loadable: Metric (TFM) file not found.
<to be read again> 
                   \relax 
l.9 {\textbf{\huge Package `Rbec'}
                                  }
! Font T1/ptm/m/n/12=ptmr8t at 12.0pt not loadable: Metric (TFM) file not found
.
<to be read again> 
                   relax 
l.10 \par\bigskip{\large
                         \today}
(/usr/share/texlive/texmf-dist/tex/latex/psnfss/t1pcr.fd)
kpathsea: Running mktextfm pcrr8t
/usr/share/texlive/texmf-dist/web2c/mktexnam: Could not map source abbreviation  for pcrr8t.
/usr/share/texlive/texmf-dist/web2c/mktexnam: Need to update ?
mktextfm: Running mf-nowin -progname=mf \mode:=ljfour; mag:=1; nonstopmode; input pcrr8t
This is METAFONT, Version 2.7182818 (TeX Live 2016/Debian) (preloaded base=mf)

kpathsea: Running mktexmf pcrr8t

! I can't find file `pcrr8t'.
<*> ...:=ljfour; mag:=1; nonstopmode; input pcrr8t
                                                  
Please type another input file name
! Emergency stop.
<*> ...:=ljfour; mag:=1; nonstopmode; input pcrr8t
                                                  
Transcript written on mfput.log.
grep: pcrr8t.log: No such file or directory
mktextfm: `mf-nowin -progname=mf \mode:=ljfour; mag:=1; nonstopmode; input pcrr8t' failed to make pcrr8t.tfm.

! Font T1/pcr/m/n/10=pcrr8t at 10.0pt not loadable: Metric (TFM) file not found
.
<to be read again> 
                   relax 
l.27 ...Pengfan Zhang }\email{pzhang@mpipz.mpg.de}
                                                  \AsIs{}
No file Rd2.toc.
(/usr/share/texlive/texmf-dist/tex/latex/base/utf8.def)
kpathsea: Running mktextfm ptmr8t
/usr/share/texlive/texmf-dist/web2c/mktexnam: Could not map source abbreviation  for ptmr8t.
/usr/share/texlive/texmf-dist/web2c/mktexnam: Need to update ?
mktextfm: Running mf-nowin -progname=mf \mode:=ljfour; mag:=1; nonstopmode; input ptmr8t
This is METAFONT, Version 2.7182818 (TeX Live 2016/Debian) (preloaded base=mf)

kpathsea: Running mktexmf ptmr8t

! I can't find file `ptmr8t'.
<*> ...:=ljfour; mag:=1; nonstopmode; input ptmr8t
                                                  
Please type another input file name
! Emergency stop.
<*> ...:=ljfour; mag:=1; nonstopmode; input ptmr8t
                                                  
Transcript written on mfput.log.
grep: ptmr8t.log: No such file or directory
mktextfm: `mf-nowin -progname=mf \mode:=ljfour; mag:=1; nonstopmode; input ptmr8t' failed to make ptmr8t.tfm.

kpathsea: Running mktextfm ptmb8t
/usr/share/texlive/texmf-dist/web2c/mktexnam: Could not map source abbreviation  for ptmb8t.
/usr/share/texlive/texmf-dist/web2c/mktexnam: Need to update ?
mktextfm: Running mf-nowin -progname=mf \mode:=ljfour; mag:=1; nonstopmode; input ptmb8t
This is METAFONT, Version 2.7182818 (TeX Live 2016/Debian) (preloaded base=mf)

kpathsea: Running mktexmf ptmb8t

! I can't find file `ptmb8t'.
<*> ...:=ljfour; mag:=1; nonstopmode; input ptmb8t
                                                  
Please type another input file name
! Emergency stop.
<*> ...:=ljfour; mag:=1; nonstopmode; input ptmb8t
                                                  
Transcript written on mfput.log.
grep: ptmb8t.log: No such file or directory
mktextfm: `mf-nowin -progname=mf \mode:=ljfour; mag:=1; nonstopmode; input ptmb8t' failed to make ptmb8t.tfm.

kpathsea: Running mktextfm nullfont
/usr/share/texlive/texmf-dist/web2c/mktexnam: Could not map source abbreviation  for nullfont.
/usr/share/texlive/texmf-dist/web2c/mktexnam: Need to update ?
mktextfm: Running mf-nowin -progname=mf \mode:=ljfour; mag:=1; nonstopmode; input nullfont
This is METAFONT, Version 2.7182818 (TeX Live 2016/Debian) (preloaded base=mf)

kpathsea: Running mktexmf nullfont

! I can't find file `nullfont'.
<*> ...ljfour; mag:=1; nonstopmode; input nullfont
                                                  
Please type another input file name
! Emergency stop.
<*> ...ljfour; mag:=1; nonstopmode; input nullfont
                                                  
Transcript written on mfput.log.
grep: nullfont.log: No such file or directory
mktextfm: `mf-nowin -progname=mf \mode:=ljfour; mag:=1; nonstopmode; input nullfont' failed to make nullfont.tfm.

! Font T1/ptm/m/n/14.4=ptmr8t at 14.4pt not loadable: Metric (TFM) file not fou
nd.
<to be read again> 
                   relax 
l.31 ...of amplicon sequencing data}{abd.Rul.prob}
                                                  
! Font T1/ptm/bx/n/14.4=ptmb8t at 14.4pt not loadable: Metric (TFM) file not fo
und.
<to be read again> 
                   relax 
l.31 ...of amplicon sequencing data}{abd.Rul.prob}
                                                  
! Font \T1/ptm/b/n/14.4=nullfont not loadable: Metric (TFM) file not found.
<to be read again> 
                   \relax 
l.31 ...of amplicon sequencing data}{abd.Rul.prob}
                                                  
(/usr/share/texlive/texmf-dist/tex/latex/psnfss/t1phv.fd)
kpathsea: Running mktextfm phvr8t
/usr/share/texlive/texmf-dist/web2c/mktexnam: Could not map source abbreviation  for phvr8t.
/usr/share/texlive/texmf-dist/web2c/mktexnam: Need to update ?
mktextfm: Running mf-nowin -progname=mf \mode:=ljfour; mag:=1; nonstopmode; input phvr8t
This is METAFONT, Version 2.7182818 (TeX Live 2016/Debian) (preloaded base=mf)

kpathsea: Running mktexmf phvr8t

! I can't find file `phvr8t'.
<*> ...:=ljfour; mag:=1; nonstopmode; input phvr8t
                                                  
Please type another input file name
! Emergency stop.
<*> ...:=ljfour; mag:=1; nonstopmode; input phvr8t
                                                  
Transcript written on mfput.log.
grep: phvr8t.log: No such file or directory
mktextfm: `mf-nowin -progname=mf \mode:=ljfour; mag:=1; nonstopmode; input phvr8t' failed to make phvr8t.tfm.

kpathsea: Running mktextfm ptmri8t
/usr/share/texlive/texmf-dist/web2c/mktexnam: Could not map source abbreviation  for ptmri8t.
/usr/share/texlive/texmf-dist/web2c/mktexnam: Need to update ?
mktextfm: Running mf-nowin -progname=mf \mode:=ljfour; mag:=1; nonstopmode; input ptmri8t
This is METAFONT, Version 2.7182818 (TeX Live 2016/Debian) (preloaded base=mf)

kpathsea: Running mktexmf ptmri8t

! I can't find file `ptmri8t'.
<*> ...=ljfour; mag:=1; nonstopmode; input ptmri8t
                                                  
Please type another input file name
! Emergency stop.
<*> ...=ljfour; mag:=1; nonstopmode; input ptmri8t
                                                  
Transcript written on mfput.log.
grep: ptmri8t.log: No such file or directory
mktextfm: `mf-nowin -progname=mf \mode:=ljfour; mag:=1; nonstopmode; input ptmri8t' failed to make ptmri8t.tfm.

! Font T1/phv/m/n/14.4=phvr8t at 14.4pt not loadable: Metric (TFM) file not fou
nd.
<to be read again> 
                   relax 
l.31 ...of amplicon sequencing data}{abd.Rul.prob}
                                                  
! Font T1/ptm/m/it/10=ptmri8t at 10.0pt not loadable: Metric (TFM) file not fou
nd.
<to be read again> 
                   relax 
l.31 ...of amplicon sequencing data}{abd.Rul.prob}
                                                  
(/usr/share/texlive/texmf-dist/tex/latex/base/utf8.def) [1]
(/usr/share/texlive/texmf-dist/tex/latex/base/utf8.def)
(/usr/share/texlive/texmf-dist/tex/latex/base/utf8.def)
kpathsea: Running mktextfm ptmro8t
/usr/share/texlive/texmf-dist/web2c/mktexnam: Could not map source abbreviation  for ptmro8t.
/usr/share/texlive/texmf-dist/web2c/mktexnam: Need to update ?
mktextfm: Running mf-nowin -progname=mf \mode:=ljfour; mag:=1; nonstopmode; input ptmro8t
This is METAFONT, Version 2.7182818 (TeX Live 2016/Debian) (preloaded base=mf)

kpathsea: Running mktexmf ptmro8t

! I can't find file `ptmro8t'.
<*> ...=ljfour; mag:=1; nonstopmode; input ptmro8t
                                                  
Please type another input file name
! Emergency stop.
<*> ...=ljfour; mag:=1; nonstopmode; input ptmro8t
                                                  
Transcript written on mfput.log.
grep: ptmro8t.log: No such file or directory
mktextfm: `mf-nowin -progname=mf \mode:=ljfour; mag:=1; nonstopmode; input ptmro8t' failed to make ptmro8t.tfm.

! Font T1/ptm/m/sl/10=ptmro8t at 10.0pt not loadable: Metric (TFM) file not fou
nd.
<to be read again> 
                   relax 
l.181 \begin{Author}\relax
                          
[2] (/usr/share/texlive/texmf-dist/tex/latex/base/utf8.def)
(/usr/share/texlive/texmf-dist/tex/latex/base/utf8.def)
(/usr/share/texlive/texmf-dist/tex/latex/base/utf8.def) [3]
kpathsea: Running mktextfm ptmr8t
/usr/share/texlive/texmf-dist/web2c/mktexnam: Could not map source abbreviation  for ptmr8t.
/usr/share/texlive/texmf-dist/web2c/mktexnam: Need to update ?
mktextfm: Running mf-nowin -progname=mf \mode:=ljfour; mag:=1; nonstopmode; input ptmr8t
This is METAFONT, Version 2.7182818 (TeX Live 2016/Debian) (preloaded base=mf)

kpathsea: Running mktexmf ptmr8t

! I can't find file `ptmr8t'.
<*> ...:=ljfour; mag:=1; nonstopmode; input ptmr8t
                                                  
Please type another input file name
! Emergency stop.
<*> ...:=ljfour; mag:=1; nonstopmode; input ptmr8t
                                                  
Transcript written on mfput.log.
grep: ptmr8t.log: No such file or directory
mktextfm: `mf-nowin -progname=mf \mode:=ljfour; mag:=1; nonstopmode; input ptmr8t' failed to make ptmr8t.tfm.

kpathsea: Running mktextfm pcrr8t
/usr/share/texlive/texmf-dist/web2c/mktexnam: Could not map source abbreviation  for pcrr8t.
/usr/share/texlive/texmf-dist/web2c/mktexnam: Need to update ?
mktextfm: Running mf-nowin -progname=mf \mode:=ljfour; mag:=1; nonstopmode; input pcrr8t
This is METAFONT, Version 2.7182818 (TeX Live 2016/Debian) (preloaded base=mf)

kpathsea: Running mktexmf pcrr8t

! I can't find file `pcrr8t'.
<*> ...:=ljfour; mag:=1; nonstopmode; input pcrr8t
                                                  
Please type another input file name
! Emergency stop.
<*> ...:=ljfour; mag:=1; nonstopmode; input pcrr8t
                                                  
Transcript written on mfput.log.
grep: pcrr8t.log: No such file or directory
mktextfm: `mf-nowin -progname=mf \mode:=ljfour; mag:=1; nonstopmode; input pcrr8t' failed to make pcrr8t.tfm.

! Font T1/ptm/m/n/9=ptmr8t at 9.0pt not loadable: Metric (TFM) file not found.
<to be read again> 
                   relax 
l.294 \begin{ExampleCode}
                         
! Font T1/pcr/m/n/9=pcrr8t at 9.0pt not loadable: Metric (TFM) file not found.
<to be read again> 
                   relax 
l.294 \begin{ExampleCode}
                         
(/usr/share/texlive/texmf-dist/tex/latex/base/utf8.def) [4] (./Rd2.aux) )
(see the transcript file for additional information)
Output written on Rd2.pdf (4 pages, 1614 bytes).
Transcript written on Rd2.log.
Error in texi2dvi(file = file, pdf = TRUE, clean = clean, quiet = quiet,  : 
  unable to run pdflatex on 'Rd2.tex'
LaTeX errors:
! Font T1/cmr/m/n/10=ecrm1000 at 10.0pt not loadable: Metric (TFM) file not fou
nd.
<to be read again> 
                   relax 
l.105 \fontencoding\encodingdefault\selectfont
! Font T1/ptm/m/n/10=ptmr8t at 10.0pt not loadable: Metric (TFM) file not found
.
<to be read again> 
                   relax 
l.6 \begin{document}
! Font T1/ptm/m/n/24.88=ptmr8t at 24.88pt not loadable: Metric (TFM) file not f
ound.
<to be read again> 
                   relax 
l.7 \chapter*{}
! Font T1/ptm/bx/n/24.88=ptmb8t at 24.88pt not loadable: Metric (TFM) file not 
found.
<to be read again> 
                   relax 
l.7 \chapter*{}
! Font \T1/ptm/b/n/24.88=nullfont not loadable: Metric (TFM) file not found.
<to be read again> 
                   \relax 
l.7 \chapter*{}
               
! Font T1/ptm/bx/n/10=ptmb8t at 10.0pt not loadable: Metric (TFM) file not foun
d.
<to be read again> 
                   relax 
l.9 {\textbf{\huge Package `Rbec'}
! Font \T1/ptm/b/n/10=nullfont not loadable: Metric (TFM) file not found.
<to be read again> 
                   \relax 
l.9 {\textbf{\huge Package `Rbec'}
                                  }
! Font T1/ptm/bx/n/20.74=ptmb8t at 20.74pt not loadable: Metric (TFM) file not 
found.
<to be read again> 
                   relax 
l.9 {\textbf{\huge Package `Rbec'}
! Font \T1/ptm/b/n/20.74=nullfont not loadable: Metric (TFM) file not found.
<to be read again> 
                   \relax 
l.9 {\textbf{\huge Package `Rbec'}
                                  }
! Font T1/ptm/m/n/12=ptmr8t at 12.0pt not loadable: Metric (TFM) file not found
.
<to be read again> 
                   relax 
l.10 \par\bigskip{\large
! Font T1/pcr/m/n/10=pcrr8t at 10.0pt not loadable: Metric (TFM) file not found
.
<to be read again> 
                   relax 
l.27 ...Pengfan Zhang }\email{pzhang@mpipz.mpg.de}
! Font T1/ptm/m/n/14.4=ptmr8t at 14.4pt not loadable: Metric (TFM) file not fou
nd.
<to be read again> 
                   relax 
l.31 ...of amplicon sequencing data}{abd.Rul.prob}
! Font T1/ptm/bx/n/14.4=ptmb8t at 14.4pt not loadable: Metric (TFM) file not fo
und.
<to be read again> 
                   relax 
l.31 ...of amplicon sequencing data}{abd.Rul.prob}
! Font \T1/ptm/b/n/14.4=nullfont not loadable: Metric (TFM) file not found.
<to be read again> 
                   \relax 
l.31 ...of amplicon sequencing data}{abd.Rul.prob}
                                                  
! Font T1/phv/m/n/14.4=phvr8t at 14.4pt not loadable: Metric (TFM) file not fou
nd.
<to be read again> 
                   relax 
l.31 ...of amplicon sequencing data}{abd.Rul.prob}
! Font T1/ptm/m/it/10=ptmri8t at 10.0pt not loadable: Metric (TFM) file not fou
nd.
<to be read again> 
                   relax 
l.31 ...of amplicon sequencing data}{abd.Rul.prob}
! Font T1/ptm/m/sl/10=ptmro8t at 10.0pt not loadable: Metric (TFM) file not fou
nd.
<to be read again> 
                   relax 
l.181 \begin{Author}\relax
! Font T1/ptm/m/n/9=ptmr8t at 9.0pt not loadable: Metric (TFM) file not found.
<to be read again> 
                   relax 
l.294 \begin{ExampleCode}
                         
! Font T1/pcr/m/n/9=pcrr8t at 9.0pt not loadable: Metric (TFM) file not found.
<to be read again> 
                   relax 
l.294 \begin{ExampleCode}
                         
This is pdfTeX, Version 3.14159265-2.6-1.40.17 (TeX Live 2016/Debian) (preloaded format=pdflatex)
 restricted \write18 enabled.
entering extended mode
(./Rd2.tex
LaTeX2e <2017/01/01> patch level 3
Babel <3.9r> and hyphenation patterns for 3 language(s) loaded.

(/usr/share/texlive/texmf-dist/tex/latex/base/book.cls
Document Class: book 2014/09/29 v1.4h Standard LaTeX document class
(/usr/share/texlive/texmf-dist/tex/latex/base/bk10.clo))
(/biodata/dep_psl/grp_rgo/pzhang/software/anaconda2/envs/qiime2-2020.11/lib/R/s
hare/texmf/tex/latex/Rd.sty
(/usr/share/texlive/texmf-dist/tex/latex/base/ifthen.sty)
(/usr/share/texlive/texmf-dist/tex/latex/tools/longtable.sty)
(/usr/share/texlive/texmf-dist/tex/latex/tools/bm.sty)
(/usr/share/texlive/texmf-dist/tex/latex/base/alltt.sty)
(/usr/share/texlive/texmf-dist/tex/latex/tools/verbatim.sty)
(/usr/share/texlive/texmf-dist/tex/latex/url/url.sty)
(/usr/share/texlive/texmf-dist/tex/latex/base/textcomp.sty
(/usr/share/texlive/texmf-dist/tex/latex/base/ts1enc.def))
(/usr/share/texlive/texmf-dist/tex/latex/base/fontenc.sty
(/usr/share/texlive/texmf-dist/tex/latex/base/t1enc.def)
kpathsea: Running mktextfm ecrm1000
/usr/share/texlive/texmf-dist/web2c/mktexnam: Could not map source abbreviation  for ecrm1000.
/usr/share/texlive/texmf-dist/web2c/mktexnam: Need to update ?
mktextfm: Running mf-nowin -progname=mf \mode:=ljfour; mag:=1; nonstopmode; input ecrm1000
This is METAFONT, Version 2.7182818 (TeX Live 2016/Debian) (preloaded base=mf)

kpathsea: Running mktexmf ecrm1000

! I can't find file `ecrm1000'.
<*> ...ljfour; mag:=1; nonstopmode; input ecrm1000
                                                  
Please type another input file name
! Emergency stop.
<*> ...ljfour; mag:=1; nonstopmode; input ecrm1000
                                                  
Transcript written on mfput.log.
grep: ecrm1000.log: No such file or directory
mktextfm: `mf-nowin -progname=mf \mode:=ljfour; mag:=1; nonstopmode; input ecrm1000' failed to make ecrm1000.tfm.
kpathsea: Appending font creation commands to missfont.log.

! Font T1/cmr/m/n/10=ecrm1000 at 10.0pt not loadable: Metric (TFM) file not fou
nd.
<to be read again> 
                   relax 
l.105 \fontencoding\encodingdefault\selectfont
                                              
) (/usr/share/texlive/texmf-dist/tex/latex/psnfss/times.sty))
(/usr/share/texlive/texmf-dist/tex/latex/base/inputenc.sty
(/usr/share/texlive/texmf-dist/tex/latex/base/utf8.def
(/usr/share/texlive/texmf-dist/tex/latex/base/t1enc.dfu)
(/usr/share/texlive/texmf-dist/tex/latex/base/ot1enc.dfu)
(/usr/share/texlive/texmf-dist/tex/latex/base/omsenc.dfu)
(/usr/share/texlive/texmf-dist/tex/latex/base/ts1enc.dfu))
(/usr/share/texlive/texmf-dist/tex/latex/base/latin1.def)) (./Rd2.aux)
(/usr/share/texlive/texmf-dist/tex/latex/base/ts1cmr.fd)
(/usr/share/texlive/texmf-dist/tex/latex/psnfss/t1ptm.fd)
kpathsea: Running mktextfm ptmr8t
/usr/share/texlive/texmf-dist/web2c/mktexnam: Could not map source abbreviation  for ptmr8t.
/usr/share/texlive/texmf-dist/web2c/mktexnam: Need to update ?
mktextfm: Running mf-nowin -progname=mf \mode:=ljfour; mag:=1; nonstopmode; input ptmr8t
This is METAFONT, Version 2.7182818 (TeX Live 2016/Debian) (preloaded base=mf)

kpathsea: Running mktexmf ptmr8t

! I can't find file `ptmr8t'.
<*> ...:=ljfour; mag:=1; nonstopmode; input ptmr8t
                                                  
Please type another input file name
! Emergency stop.
<*> ...:=ljfour; mag:=1; nonstopmode; input ptmr8t
                                                  
Transcript written on mfput.log.
grep: ptmr8t.log: No such file or directory
mktextfm: `mf-nowin -progname=mf \mode:=ljfour; mag:=1; nonstopmode; input ptmr8t' failed to make ptmr8t.tfm.

kpathsea: Running mktextfm ptmr8t
/usr/share/texlive/texmf-dist/web2c/mktexnam: Could not map source abbreviation  for ptmr8t.
/usr/share/texlive/texmf-dist/web2c/mktexnam: Need to update ?
mktextfm: Running mf-nowin -progname=mf \mode:=ljfour; mag:=1; nonstopmode; input ptmr8t
This is METAFONT, Version 2.7182818 (TeX Live 2016/Debian) (preloaded base=mf)

kpathsea: Running mktexmf ptmr8t

! I can't find file `ptmr8t'.
<*> ...:=ljfour; mag:=1; nonstopmode; input ptmr8t
                                                  
Please type another input file name
! Emergency stop.
<*> ...:=ljfour; mag:=1; nonstopmode; input ptmr8t
                                                  
Transcript written on mfput.log.
grep: ptmr8t.log: No such file or directory
mktextfm: `mf-nowin -progname=mf \mode:=ljfour; mag:=1; nonstopmode; input ptmr8t' failed to make ptmr8t.tfm.

kpathsea: Running mktextfm ptmb8t
/usr/share/texlive/texmf-dist/web2c/mktexnam: Could not map source abbreviation  for ptmb8t.
/usr/share/texlive/texmf-dist/web2c/mktexnam: Need to update ?
mktextfm: Running mf-nowin -progname=mf \mode:=ljfour; mag:=1; nonstopmode; input ptmb8t
This is METAFONT, Version 2.7182818 (TeX Live 2016/Debian) (preloaded base=mf)

kpathsea: Running mktexmf ptmb8t

! I can't find file `ptmb8t'.
<*> ...:=ljfour; mag:=1; nonstopmode; input ptmb8t
                                                  
Please type another input file name
! Emergency stop.
<*> ...:=ljfour; mag:=1; nonstopmode; input ptmb8t
                                                  
Transcript written on mfput.log.
grep: ptmb8t.log: No such file or directory
mktextfm: `mf-nowin -progname=mf \mode:=ljfour; mag:=1; nonstopmode; input ptmb8t' failed to make ptmb8t.tfm.

kpathsea: Running mktextfm nullfont
/usr/share/texlive/texmf-dist/web2c/mktexnam: Could not map source abbreviation  for nullfont.
/usr/share/texlive/texmf-dist/web2c/mktexnam: Need to update ?
mktextfm: Running mf-nowin -progname=mf \mode:=ljfour; mag:=1; nonstopmode; input nullfont
This is METAFONT, Version 2.7182818 (TeX Live 2016/Debian) (preloaded base=mf)

kpathsea: Running mktexmf nullfont

! I can't find file `nullfont'.
<*> ...ljfour; mag:=1; nonstopmode; input nullfont
                                                  
Please type another input file name
! Emergency stop.
<*> ...ljfour; mag:=1; nonstopmode; input nullfont
                                                  
Transcript written on mfput.log.
grep: nullfont.log: No such file or directory
mktextfm: `mf-nowin -progname=mf \mode:=ljfour; mag:=1; nonstopmode; input nullfont' failed to make nullfont.tfm.

kpathsea: Running mktextfm ptmb8t
/usr/share/texlive/texmf-dist/web2c/mktexnam: Could not map source abbreviation  for ptmb8t.
/usr/share/texlive/texmf-dist/web2c/mktexnam: Need to update ?
mktextfm: Running mf-nowin -progname=mf \mode:=ljfour; mag:=1; nonstopmode; input ptmb8t
This is METAFONT, Version 2.7182818 (TeX Live 2016/Debian) (preloaded base=mf)

kpathsea: Running mktexmf ptmb8t

! I can't find file `ptmb8t'.
<*> ...:=ljfour; mag:=1; nonstopmode; input ptmb8t
                                                  
Please type another input file name
! Emergency stop.
<*> ...:=ljfour; mag:=1; nonstopmode; input ptmb8t
                                                  
Transcript written on mfput.log.
grep: ptmb8t.log: No such file or directory
mktextfm: `mf-nowin -progname=mf \mode:=ljfour; mag:=1; nonstopmode; input ptmb8t' failed to make ptmb8t.tfm.

kpathsea: Running mktextfm nullfont
/usr/share/texlive/texmf-dist/web2c/mktexnam: Could not map source abbreviation  for nullfont.
/usr/share/texlive/texmf-dist/web2c/mktexnam: Need to update ?
mktextfm: Running mf-nowin -progname=mf \mode:=ljfour; mag:=1; nonstopmode; input nullfont
This is METAFONT, Version 2.7182818 (TeX Live 2016/Debian) (preloaded base=mf)

kpathsea: Running mktexmf nullfont

! I can't find file `nullfont'.
<*> ...ljfour; mag:=1; nonstopmode; input nullfont
                                                  
Please type another input file name
! Emergency stop.
<*> ...ljfour; mag:=1; nonstopmode; input nullfont
                                                  
Transcript written on mfput.log.
grep: nullfont.log: No such file or directory
mktextfm: `mf-nowin -progname=mf \mode:=ljfour; mag:=1; nonstopmode; input nullfont' failed to make nullfont.tfm.

kpathsea: Running mktextfm ptmb8t
/usr/share/texlive/texmf-dist/web2c/mktexnam: Could not map source abbreviation  for ptmb8t.
/usr/share/texlive/texmf-dist/web2c/mktexnam: Need to update ?
mktextfm: Running mf-nowin -progname=mf \mode:=ljfour; mag:=1; nonstopmode; input ptmb8t
This is METAFONT, Version 2.7182818 (TeX Live 2016/Debian) (preloaded base=mf)

kpathsea: Running mktexmf ptmb8t

! I can't find file `ptmb8t'.
<*> ...:=ljfour; mag:=1; nonstopmode; input ptmb8t
                                                  
Please type another input file name
! Emergency stop.
<*> ...:=ljfour; mag:=1; nonstopmode; input ptmb8t
                                                  
Transcript written on mfput.log.
grep: ptmb8t.log: No such file or directory
mktextfm: `mf-nowin -progname=mf \mode:=ljfour; mag:=1; nonstopmode; input ptmb8t' failed to make ptmb8t.tfm.

kpathsea: Running mktextfm nullfont
/usr/share/texlive/texmf-dist/web2c/mktexnam: Could not map source abbreviation  for nullfont.
/usr/share/texlive/texmf-dist/web2c/mktexnam: Need to update ?
mktextfm: Running mf-nowin -progname=mf \mode:=ljfour; mag:=1; nonstopmode; input nullfont
This is METAFONT, Version 2.7182818 (TeX Live 2016/Debian) (preloaded base=mf)

kpathsea: Running mktexmf nullfont

! I can't find file `nullfont'.
<*> ...ljfour; mag:=1; nonstopmode; input nullfont
                                                  
Please type another input file name
! Emergency stop.
<*> ...ljfour; mag:=1; nonstopmode; input nullfont
                                                  
Transcript written on mfput.log.
grep: nullfont.log: No such file or directory
mktextfm: `mf-nowin -progname=mf \mode:=ljfour; mag:=1; nonstopmode; input nullfont' failed to make nullfont.tfm.

kpathsea: Running mktextfm ptmr8t
/usr/share/texlive/texmf-dist/web2c/mktexnam: Could not map source abbreviation  for ptmr8t.
/usr/share/texlive/texmf-dist/web2c/mktexnam: Need to update ?
mktextfm: Running mf-nowin -progname=mf \mode:=ljfour; mag:=1; nonstopmode; input ptmr8t
This is METAFONT, Version 2.7182818 (TeX Live 2016/Debian) (preloaded base=mf)

kpathsea: Running mktexmf ptmr8t

! I can't find file `ptmr8t'.
<*> ...:=ljfour; mag:=1; nonstopmode; input ptmr8t
                                                  
Please type another input file name
! Emergency stop.
<*> ...:=ljfour; mag:=1; nonstopmode; input ptmr8t
                                                  
Transcript written on mfput.log.
grep: ptmr8t.log: No such file or directory
mktextfm: `mf-nowin -progname=mf \mode:=ljfour; mag:=1; nonstopmode; input ptmr8t' failed to make ptmr8t.tfm.

! Font T1/ptm/m/n/10=ptmr8t at 10.0pt not loadable: Metric (TFM) file not found
.
<to be read again> 
                   relax 
l.6 \begin{document}
                    
! Font T1/ptm/m/n/24.88=ptmr8t at 24.88pt not loadable: Metric (TFM) file not f
ound.
<to be read again> 
                   relax 
l.7 \chapter*{}
               
! Font T1/ptm/bx/n/24.88=ptmb8t at 24.88pt not loadable: Metric (TFM) file not 
found.
<to be read again> 
                   relax 
l.7 \chapter*{}
               
! Font \T1/ptm/b/n/24.88=nullfont not loadable: Metric (TFM) file not found.
<to be read again> 
                   \relax 
l.7 \chapter*{}
               
! Font T1/ptm/bx/n/10=ptmb8t at 10.0pt not loadable: Metric (TFM) file not foun
d.
<to be read again> 
                   relax 
l.9 {\textbf{\huge Package `Rbec'}
                                  }
! Font \T1/ptm/b/n/10=nullfont not loadable: Metric (TFM) file not found.
<to be read again> 
                   \relax 
l.9 {\textbf{\huge Package `Rbec'}
                                  }
! Font T1/ptm/bx/n/20.74=ptmb8t at 20.74pt not loadable: Metric (TFM) file not 
found.
<to be read again> 
                   relax 
l.9 {\textbf{\huge Package `Rbec'}
                                  }
! Font \T1/ptm/b/n/20.74=nullfont not loadable: Metric (TFM) file not found.
<to be read again> 
                   \relax 
l.9 {\textbf{\huge Package `Rbec'}
                                  }
! Font T1/ptm/m/n/12=ptmr8t at 12.0pt not loadable: Metric (TFM) file not found
.
<to be read again> 
                   relax 
l.10 \par\bigskip{\large
                         \today}
(/usr/share/texlive/texmf-dist/tex/latex/psnfss/t1pcr.fd)
kpathsea: Running mktextfm pcrr8t
/usr/share/texlive/texmf-dist/web2c/mktexnam: Could not map source abbreviation  for pcrr8t.
/usr/share/texlive/texmf-dist/web2c/mktexnam: Need to update ?
mktextfm: Running mf-nowin -progname=mf \mode:=ljfour; mag:=1; nonstopmode; input pcrr8t
This is METAFONT, Version 2.7182818 (TeX Live 2016/Debian) (preloaded base=mf)

kpathsea: Running mktexmf pcrr8t

! I can't find file `pcrr8t'.
<*> ...:=ljfour; mag:=1; nonstopmode; input pcrr8t
                                                  
Please type another input file name
! Emergency stop.
<*> ...:=ljfour; mag:=1; nonstopmode; input pcrr8t
                                                  
Transcript written on mfput.log.
grep: pcrr8t.log: No such file or directory
mktextfm: `mf-nowin -progname=mf \mode:=ljfour; mag:=1; nonstopmode; input pcrr8t' failed to make pcrr8t.tfm.

! Font T1/pcr/m/n/10=pcrr8t at 10.0pt not loadable: Metric (TFM) file not found
.
<to be read again> 
                   relax 
l.27 ...Pengfan Zhang }\email{pzhang@mpipz.mpg.de}
                                                  \AsIs{}
(./Rd2.toc
kpathsea: Running mktextfm ptmr8t
/usr/share/texlive/texmf-dist/web2c/mktexnam: Could not map source abbreviation  for ptmr8t.
/usr/share/texlive/texmf-dist/web2c/mktexnam: Need to update ?
mktextfm: Running mf-nowin -progname=mf \mode:=ljfour; mag:=1; nonstopmode; input ptmr8t
This is METAFONT, Version 2.7182818 (TeX Live 2016/Debian) (preloaded base=mf)

kpathsea: Running mktexmf ptmr8t

! I can't find file `ptmr8t'.
<*> ...:=ljfour; mag:=1; nonstopmode; input ptmr8t
                                                  
Please type another input file name
! Emergency stop.
<*> ...:=ljfour; mag:=1; nonstopmode; input ptmr8t
                                                  
Transcript written on mfput.log.
grep: ptmr8t.log: No such file or directory
mktextfm: `mf-nowin -progname=mf \mode:=ljfour; mag:=1; nonstopmode; input ptmr8t' failed to make ptmr8t.tfm.

kpathsea: Running mktextfm ptmb8t
/usr/share/texlive/texmf-dist/web2c/mktexnam: Could not map source abbreviation  for ptmb8t.
/usr/share/texlive/texmf-dist/web2c/mktexnam: Need to update ?
mktextfm: Running mf-nowin -progname=mf \mode:=ljfour; mag:=1; nonstopmode; input ptmb8t
This is METAFONT, Version 2.7182818 (TeX Live 2016/Debian) (preloaded base=mf)

kpathsea: Running mktexmf ptmb8t

! I can't find file `ptmb8t'.
<*> ...:=ljfour; mag:=1; nonstopmode; input ptmb8t
                                                  
Please type another input file name
! Emergency stop.
<*> ...:=ljfour; mag:=1; nonstopmode; input ptmb8t
                                                  
Transcript written on mfput.log.
grep: ptmb8t.log: No such file or directory
mktextfm: `mf-nowin -progname=mf \mode:=ljfour; mag:=1; nonstopmode; input ptmb8t' failed to make ptmb8t.tfm.

kpathsea: Running mktextfm nullfont
/usr/share/texlive/texmf-dist/web2c/mktexnam: Could not map source abbreviation  for nullfont.
/usr/share/texlive/texmf-dist/web2c/mktexnam: Need to update ?
mktextfm: Running mf-nowin -progname=mf \mode:=ljfour; mag:=1; nonstopmode; input nullfont
This is METAFONT, Version 2.7182818 (TeX Live 2016/Debian) (preloaded base=mf)

kpathsea: Running mktexmf nullfont

! I can't find file `nullfont'.
<*> ...ljfour; mag:=1; nonstopmode; input nullfont
                                                  
Please type another input file name
! Emergency stop.
<*> ...ljfour; mag:=1; nonstopmode; input nullfont
                                                  
Transcript written on mfput.log.
grep: nullfont.log: No such file or directory
mktextfm: `mf-nowin -progname=mf \mode:=ljfour; mag:=1; nonstopmode; input nullfont' failed to make nullfont.tfm.

! Font T1/ptm/m/n/14.4=ptmr8t at 14.4pt not loadable: Metric (TFM) file not fou
nd.
<to be read again> 
                   relax 
l.1 \contentsline {subsection}{abd\_prob}{1}
                                            
! Font T1/ptm/bx/n/14.4=ptmb8t at 14.4pt not loadable: Metric (TFM) file not fo
und.
<to be read again> 
                   relax 
l.1 \contentsline {subsection}{abd\_prob}{1}
                                            
! Font \T1/ptm/b/n/14.4=nullfont not loadable: Metric (TFM) file not found.
<to be read again> 
                   \relax 
l.1 \contentsline {subsection}{abd\_prob}{1}
                                            
(/usr/share/texlive/texmf-dist/tex/latex/psnfss/t1phv.fd)
kpathsea: Running mktextfm phvr8t
/usr/share/texlive/texmf-dist/web2c/mktexnam: Could not map source abbreviation  for phvr8t.
/usr/share/texlive/texmf-dist/web2c/mktexnam: Need to update ?
mktextfm: Running mf-nowin -progname=mf \mode:=ljfour; mag:=1; nonstopmode; input phvr8t
This is METAFONT, Version 2.7182818 (TeX Live 2016/Debian) (preloaded base=mf)

kpathsea: Running mktexmf phvr8t

! I can't find file `phvr8t'.
<*> ...:=ljfour; mag:=1; nonstopmode; input phvr8t
                                                  
Please type another input file name
! Emergency stop.
<*> ...:=ljfour; mag:=1; nonstopmode; input phvr8t
                                                  
Transcript written on mfput.log.
grep: phvr8t.log: No such file or directory
mktextfm: `mf-nowin -progname=mf \mode:=ljfour; mag:=1; nonstopmode; input phvr8t' failed to make phvr8t.tfm.

! Font T1/phv/m/n/14.4=phvr8t at 14.4pt not loadable: Metric (TFM) file not fou
nd.
<to be read again> 
                   relax 
l.1 \contentsline {subsection}{abd\_prob}{1}
                                            
) (/usr/share/texlive/texmf-dist/tex/latex/base/utf8.def)
kpathsea: Running mktextfm ptmri8t
/usr/share/texlive/texmf-dist/web2c/mktexnam: Could not map source abbreviation  for ptmri8t.
/usr/share/texlive/texmf-dist/web2c/mktexnam: Need to update ?
mktextfm: Running mf-nowin -progname=mf \mode:=ljfour; mag:=1; nonstopmode; input ptmri8t
This is METAFONT, Version 2.7182818 (TeX Live 2016/Debian) (preloaded base=mf)

kpathsea: Running mktexmf ptmri8t

! I can't find file `ptmri8t'.
<*> ...=ljfour; mag:=1; nonstopmode; input ptmri8t
                                                  
Please type another input file name
! Emergency stop.
<*> ...=ljfour; mag:=1; nonstopmode; input ptmri8t
                                                  
Transcript written on mfput.log.
grep: ptmri8t.log: No such file or directory
mktextfm: `mf-nowin -progname=mf \mode:=ljfour; mag:=1; nonstopmode; input ptmri8t' failed to make ptmri8t.tfm.

! Font T1/ptm/m/it/10=ptmri8t at 10.0pt not loadable: Metric (TFM) file not fou
nd.
<to be read again> 
                   relax 
l.31 ...of amplicon sequencing data}{abd.Rul.prob}
                                                  
(/usr/share/texlive/texmf-dist/tex/latex/base/utf8.def) [1]
(/usr/share/texlive/texmf-dist/tex/latex/base/utf8.def)
(/usr/share/texlive/texmf-dist/tex/latex/base/utf8.def)
kpathsea: Running mktextfm ptmro8t
/usr/share/texlive/texmf-dist/web2c/mktexnam: Could not map source abbreviation  for ptmro8t.
/usr/share/texlive/texmf-dist/web2c/mktexnam: Need to update ?
mktextfm: Running mf-nowin -progname=mf \mode:=ljfour; mag:=1; nonstopmode; input ptmro8t
This is METAFONT, Version 2.7182818 (TeX Live 2016/Debian) (preloaded base=mf)

kpathsea: Running mktexmf ptmro8t

! I can't find file `ptmro8t'.
<*> ...=ljfour; mag:=1; nonstopmode; input ptmro8t
                                                  
Please type another input file name
! Emergency stop.
<*> ...=ljfour; mag:=1; nonstopmode; input ptmro8t
                                                  
Transcript written on mfput.log.
grep: ptmro8t.log: No such file or directory
mktextfm: `mf-nowin -progname=mf \mode:=ljfour; mag:=1; nonstopmode; input ptmro8t' failed to make ptmro8t.tfm.

! Font T1/ptm/m/sl/10=ptmro8t at 10.0pt not loadable: Metric (TFM) file not fou
nd.
<to be read again> 
                   relax 
l.181 \begin{Author}\relax
                          
[2] (/usr/share/texlive/texmf-dist/tex/latex/base/utf8.def)
(/usr/share/texlive/texmf-dist/tex/latex/base/utf8.def)
(/usr/share/texlive/texmf-dist/tex/latex/base/utf8.def) [3]
kpathsea: Running mktextfm ptmr8t
/usr/share/texlive/texmf-dist/web2c/mktexnam: Could not map source abbreviation  for ptmr8t.
/usr/share/texlive/texmf-dist/web2c/mktexnam: Need to update ?
mktextfm: Running mf-nowin -progname=mf \mode:=ljfour; mag:=1; nonstopmode; input ptmr8t
This is METAFONT, Version 2.7182818 (TeX Live 2016/Debian) (preloaded base=mf)

kpathsea: Running mktexmf ptmr8t

! I can't find file `ptmr8t'.
<*> ...:=ljfour; mag:=1; nonstopmode; input ptmr8t
                                                  
Please type another input file name
! Emergency stop.
<*> ...:=ljfour; mag:=1; nonstopmode; input ptmr8t
                                                  
Transcript written on mfput.log.
grep: ptmr8t.log: No such file or directory
mktextfm: `mf-nowin -progname=mf \mode:=ljfour; mag:=1; nonstopmode; input ptmr8t' failed to make ptmr8t.tfm.

kpathsea: Running mktextfm pcrr8t
/usr/share/texlive/texmf-dist/web2c/mktexnam: Could not map source abbreviation  for pcrr8t.
/usr/share/texlive/texmf-dist/web2c/mktexnam: Need to update ?
mktextfm: Running mf-nowin -progname=mf \mode:=ljfour; mag:=1; nonstopmode; input pcrr8t
This is METAFONT, Version 2.7182818 (TeX Live 2016/Debian) (preloaded base=mf)

kpathsea: Running mktexmf pcrr8t

! I can't find file `pcrr8t'.
<*> ...:=ljfour; mag:=1; nonstopmode; input pcrr8t
                                                  
Please type another input file name
! Emergency stop.
<*> ...:=ljfour; mag:=1; nonstopmode; input pcrr8t
                                                  
Transcript written on mfput.log.
grep: pcrr8t.log: No such file or directory
mktextfm: `mf-nowin -progname=mf \mode:=ljfour; mag:=1; nonstopmode; input pcrr8t' failed to make pcrr8t.tfm.

! Font T1/ptm/m/n/9=ptmr8t at 9.0pt not loadable: Metric (TFM) file not found.
<to be read again> 
                   relax 
l.294 \begin{ExampleCode}
                         
! Font T1/pcr/m/n/9=pcrr8t at 9.0pt not loadable: Metric (TFM) file not found.
<to be read again> 
                   relax 
l.294 \begin{ExampleCode}
                         
(/usr/share/texlive/texmf-dist/tex/latex/base/utf8.def) [4] (./Rd2.aux) )
(see the transcript file for additional information)
Output written on Rd2.pdf (4 pages, 1614 bytes).
Transcript written on Rd2.log.
Error in texi2dvi(file = file, pdf = TRUE, clean = clean, quiet = quiet,  : 
  unable to run pdflatex on 'Rd2.tex'
LaTeX errors:
! Font T1/cmr/m/n/10=ecrm1000 at 10.0pt not loadable: Metric (TFM) file not fou
nd.
<to be read again> 
                   relax 
l.105 \fontencoding\encodingdefault\selectfont
! Font T1/ptm/m/n/10=ptmr8t at 10.0pt not loadable: Metric (TFM) file not found
.
<to be read again> 
                   relax 
l.6 \begin{document}
! Font T1/ptm/m/n/24.88=ptmr8t at 24.88pt not loadable: Metric (TFM) file not f
ound.
<to be read again> 
                   relax 
l.7 \chapter*{}
! Font T1/ptm/bx/n/24.88=ptmb8t at 24.88pt not loadable: Metric (TFM) file not 
found.
<to be read again> 
                   relax 
l.7 \chapter*{}
! Font \T1/ptm/b/n/24.88=nullfont not loadable: Metric (TFM) file not found.
<to be read again> 
                   \relax 
l.7 \chapter*{}
               
! Font T1/ptm/bx/n/10=ptmb8t at 10.0pt not loadable: Metric (TFM) file not foun
d.
<to be read again> 
                   relax 
l.9 {\textbf{\huge Package `Rbec'}
! Font \T1/ptm/b/n/10=nullfont not loadable: Metric (TFM) file not found.
<to be read again> 
                   \relax 
l.9 {\textbf{\huge Package `Rbec'}
                                  }
! Font T1/ptm/bx/n/20.74=ptmb8t at 20.74pt not loadable: Metric (TFM) file not 
found.
<to be read again> 
                   relax 
l.9 {\textbf{\huge Package `Rbec'}
! Font \T1/ptm/b/n/20.74=nullfont not loadable: Metric (TFM) file not found.
<to be read again> 
                   \relax 
l.9 {\textbf{\huge Package `Rbec'}
                                  }
! Font T1/ptm/m/n/12=ptmr8t at 12.0pt not loadable: Metric (TFM) file not found
.
<to be read again> 
                   relax 
l.10 \par\bigskip{\large
! Font T1/pcr/m/n/10=pcrr8t at 10.0pt not loadable: Metric (TFM) file not found
.
<to be read again> 
                   relax 
l.27 ...Pengfan Zhang }\email{pzhang@mpipz.mpg.de}
! Font T1/ptm/m/n/14.4=ptmr8t at 14.4pt not loadable: Metric (TFM) file not fou
nd.
<to be read again> 
                   relax 
l.1 \contentsline {subsection}{abd\_prob}{1}
! Font T1/ptm/bx/n/14.4=ptmb8t at 14.4pt not loadable: Metric (TFM) file not fo
und.
<to be read again> 
                   relax 
l.1 \contentsline {subsection}{abd\_prob}{1}
! Font \T1/ptm/b/n/14.4=nullfont not loadable: Metric (TFM) file not found.
<to be read again> 
                   \relax 
l.1 \contentsline {subsection}{abd\_prob}{1}
                                            
! Font T1/phv/m/n/14.4=phvr8t at 14.4pt not loadable: Metric (TFM) file not fou
nd.
<to be read again> 
                   relax 
l.1 \contentsline {subsection}{abd\_prob}{1}
! Font T1/ptm/m/it/10=ptmri8t at 10.0pt not loadable: Metric (TFM) file not fou
nd.
<to be read again> 
                   relax 
l.31 ...of amplicon sequencing data}{abd.Rul.prob}
! Font T1/ptm/m/sl/10=ptmro8t at 10.0pt not loadable: Metric (TFM) file not fou
nd.
<to be read again> 
                   relax 
l.181 \begin{Author}\relax
! Font T1/ptm/m/n/9=ptmr8t at 9.0pt not loadable: Metric (TFM) file not found.
<to be read again> 
                   relax 
l.294 \begin{ExampleCode}
                         
! Font T1/pcr/m/n/9=pcrr8t at 9.0pt not loadable: Metric (TFM) file not found.
<to be read again> 
                   relax 
l.294 \begin{ExampleCode}
                         
Error in running tools::texi2pdf()
You may want to clean up by 'rm -Rf /scratch/RtmpJEwUZe/Rd2pdfee91d302043'
