* using log directory ‘/Users/zhangpengfan/Documents/phd project/Microbiome-master/upload_github/Rbec/..Rcheck’
* using R version 3.5.1 (2018-07-02)
* using platform: x86_64-apple-darwin15.6.0 (64-bit)
* using session charset: UTF-8
* checking for file ‘./DESCRIPTION’ ... OK
* checking extension type ... Package
* this is package ‘Rbec’ version ‘0.0.99’
* checking package namespace information ... OK
* checking package dependencies ... OK
* checking if this is a source package ... WARNING
Subdirectory ‘Rbec/src’ contains apparent object files/libraries
  Rbec.so RcppExports.o kmer_dist.o rcpp_test.o
Object files/libraries should not be included in a source package.
* checking if there is a namespace ... OK
* checking for executable files ... OK
* checking for hidden files and directories ... NOTE
Found the following hidden files and directories:
  ..pdf
  .DS_Store
  .RData
  .Rhistory
  .gitignore
  R/.DS_Store
  inst/.DS_Store
  man/.DS_Store
  src/.DS_Store
  ..Rcheck
  .Rproj.user
  .git
These were most likely included in error. See section ‘Package
structure’ in the ‘Writing R Extensions’ manual.
* checking for portable file names ... OK
* checking for sufficient/correct file permissions ... OK
* checking whether package ‘Rbec’ can be installed ... OK
* checking installed package size ... NOTE
  installed size is  8.0Mb
  sub-directories of 1Mb or more:
    extdata   7.7Mb
* checking package directory ... OK
* checking DESCRIPTION meta-information ... NOTE
Checking should be performed on sources prepared by ‘R CMD build’.
* checking top-level files ... OK
* checking for left-over files ... OK
* checking index information ... OK
* checking package subdirectories ... WARNING
Found the following directory with the name of a check directory:
  ./..Rcheck
Most likely, these were included erroneously.
* checking R files for non-ASCII characters ... OK
* checking R files for syntax errors ... OK
* checking whether the package can be loaded ... OK
* checking whether the package can be loaded with stated dependencies ... OK
* checking whether the package can be unloaded cleanly ... OK
* checking whether the namespace can be loaded with stated dependencies ... OK
* checking whether the namespace can be unloaded cleanly ... OK
* checking dependencies in R code ... OK
* checking S3 generic/method consistency ... OK
* checking replacement functions ... OK
* checking foreign function calls ... OK
* checking R code for possible problems ... NOTE
Contam_detect: no visible global function definition for ‘var’
Contam_detect: no visible binding for global variable ‘outlier’
Contam_detect: no visible global function definition for ‘pdf’
Contam_detect: no visible global function definition for ‘dev.off’
Contam_detect: no visible global function definition for ‘write.table’
Rbec: no visible global function definition for ‘write.table’
abd_prob : <anonymous>: no visible global function definition for
  ‘dpois’
error_m: no visible binding for global variable ‘x’
loessErr: no visible global function definition for ‘loess’
loessErr: no visible global function definition for ‘predict’
Undefined global functions or variables:
  dev.off dpois loess outlier pdf predict var write.table x
Consider adding
  importFrom("grDevices", "dev.off", "pdf")
  importFrom("stats", "dpois", "loess", "predict", "var")
  importFrom("utils", "write.table")
to your NAMESPACE file.
* checking Rd files ... NOTE
prepare_Rd: Contam_detect.Rd:25-27: Dropping empty section \examples
prepare_Rd: abd_prob.Rd:25-27: Dropping empty section \examples
prepare_Rd: consis_err.Rd:39-41: Dropping empty section \examples
prepare_Rd: error_m.Rd:29-31: Dropping empty section \examples
prepare_Rd: loessErr.Rd:23-25: Dropping empty section \examples
prepare_Rd: trans_m.Rd:23-25: Dropping empty section \examples
* checking Rd metadata ... OK
* checking Rd cross-references ... OK
* checking for missing documentation entries ... OK
* checking for code/documentation mismatches ... OK
* checking Rd \usage sections ... OK
* checking Rd contents ... OK
* checking for unstated dependencies in examples ... OK
* checking line endings in C/C++/Fortran sources/headers ... OK
* checking compiled code ... OK
* checking examples ... OK
* checking PDF version of manual ... OK
* DONE
Status: 2 WARNINGs, 5 NOTEs
