Hmm ... looks like a package

This is pdfTeX, Version 3.14159265-2.6-1.40.21 (TeX Live 2020) (preloaded format=pdflatex)
 restricted \write18 enabled.
entering extended mode
LaTeX2e <2020-02-02> patch level 5
L3 programming layer <2020-03-06> (./Rd2.tex
(/usr/local/texlive/2020/texmf-dist/tex/latex/base/book.cls
Document Class: book 2019/12/20 v1.4l Standard LaTeX document class
(/usr/local/texlive/2020/texmf-dist/tex/latex/base/bk10.clo))
(/Library/Frameworks/R.framework/Resources/share/texmf/tex/latex/Rd.sty
(/usr/local/texlive/2020/texmf-dist/tex/latex/base/ifthen.sty)
(/usr/local/texlive/2020/texmf-dist/tex/latex/tools/longtable.sty)
(/usr/local/texlive/2020/texmf-dist/tex/latex/tools/bm.sty)
(/usr/local/texlive/2020/texmf-dist/tex/latex/base/alltt.sty)
(/usr/local/texlive/2020/texmf-dist/tex/latex/tools/verbatim.sty)
(/usr/local/texlive/2020/texmf-dist/tex/latex/url/url.sty)
(/usr/local/texlive/2020/texmf-dist/tex/latex/base/textcomp.sty)
(/usr/local/texlive/2020/texmf-dist/tex/latex/base/fontenc.sty)
(/usr/local/texlive/2020/texmf-dist/tex/latex/psnfss/times.sty)
(/usr/local/texlive/2020/texmf-dist/tex/latex/inconsolata/zi4.sty
`inconsolata-zi4' v1.12, 2019/05/17 Text macros for Inconsolata (msharpe)
(/usr/local/texlive/2020/texmf-dist/tex/latex/xkeyval/xkeyval.sty
(/usr/local/texlive/2020/texmf-dist/tex/generic/xkeyval/xkeyval.tex
(/usr/local/texlive/2020/texmf-dist/tex/generic/xkeyval/xkvutils.tex
(/usr/local/texlive/2020/texmf-dist/tex/generic/xkeyval/keyval.tex)))))
(/usr/local/texlive/2020/texmf-dist/tex/latex/graphics/color.sty
(/usr/local/texlive/2020/texmf-dist/tex/latex/graphics-cfg/color.cfg)
(/usr/local/texlive/2020/texmf-dist/tex/latex/graphics-def/pdftex.def))
(/usr/local/texlive/2020/texmf-dist/tex/latex/hyperref/hyperref.sty
(/usr/local/texlive/2020/texmf-dist/tex/generic/ltxcmds/ltxcmds.sty)
(/usr/local/texlive/2020/texmf-dist/tex/generic/iftex/iftex.sty)
(/usr/local/texlive/2020/texmf-dist/tex/latex/pdftexcmds/pdftexcmds.sty
(/usr/local/texlive/2020/texmf-dist/tex/generic/infwarerr/infwarerr.sty))
(/usr/local/texlive/2020/texmf-dist/tex/generic/kvsetkeys/kvsetkeys.sty)
(/usr/local/texlive/2020/texmf-dist/tex/generic/kvdefinekeys/kvdefinekeys.sty)
(/usr/local/texlive/2020/texmf-dist/tex/generic/pdfescape/pdfescape.sty)
(/usr/local/texlive/2020/texmf-dist/tex/latex/hycolor/hycolor.sty)
(/usr/local/texlive/2020/texmf-dist/tex/latex/letltxmacro/letltxmacro.sty)
(/usr/local/texlive/2020/texmf-dist/tex/latex/auxhook/auxhook.sty)
(/usr/local/texlive/2020/texmf-dist/tex/latex/kvoptions/kvoptions.sty)
(/usr/local/texlive/2020/texmf-dist/tex/latex/hyperref/pd1enc.def)
(/usr/local/texlive/2020/texmf-dist/tex/generic/intcalc/intcalc.sty)
(/usr/local/texlive/2020/texmf-dist/tex/generic/etexcmds/etexcmds.sty)
(/usr/local/texlive/2020/texmf-dist/tex/generic/bitset/bitset.sty
(/usr/local/texlive/2020/texmf-dist/tex/generic/bigintcalc/bigintcalc.sty))
(/usr/local/texlive/2020/texmf-dist/tex/generic/atbegshi/atbegshi.sty))
(/usr/local/texlive/2020/texmf-dist/tex/latex/hyperref/hpdftex.def
(/usr/local/texlive/2020/texmf-dist/tex/latex/atveryend/atveryend.sty)
(/usr/local/texlive/2020/texmf-dist/tex/latex/rerunfilecheck/rerunfilecheck.sty

(/usr/local/texlive/2020/texmf-dist/tex/generic/uniquecounter/uniquecounter.sty
)))

Package hyperref Warning: Option `hyperindex' has already been used,
(hyperref)                setting the option has no effect on input line 366.


Package hyperref Warning: Option `pagebackref' has already been used,
(hyperref)                setting the option has no effect on input line 366.

) (/usr/local/texlive/2020/texmf-dist/tex/latex/base/makeidx.sty)
(/usr/local/texlive/2020/texmf-dist/tex/latex/base/inputenc.sty
(/usr/local/texlive/2020/texmf-dist/tex/latex/base/latin1.def))
Writing index file Rd2.idx
(/usr/local/texlive/2020/texmf-dist/tex/latex/l3backend/l3backend-pdfmode.def)
No file Rd2.aux.
(/usr/local/texlive/2020/texmf-dist/tex/latex/psnfss/t1ptm.fd)
(/usr/local/texlive/2020/texmf-dist/tex/context/base/mkii/supp-pdf.mkii
[Loading MPS to PDF converter (version 2006.09.02).]
) (/usr/local/texlive/2020/texmf-dist/tex/latex/hyperref/nameref.sty
(/usr/local/texlive/2020/texmf-dist/tex/latex/refcount/refcount.sty)
(/usr/local/texlive/2020/texmf-dist/tex/generic/gettitlestring/gettitlestring.s
ty)) (/usr/local/texlive/2020/texmf-dist/tex/latex/inconsolata/t1zi4.fd)
(/usr/local/texlive/2020/texmf-dist/tex/latex/psnfss/t1phv.fd

LaTeX Warning: Font shape declaration has incorrect series value `mc'.
               It should not contain an `m'! Please correct it.
               Found on input line 20.


LaTeX Warning: Font shape declaration has incorrect series value `mc'.
               It should not contain an `m'! Please correct it.
               Found on input line 23.


LaTeX Warning: Font shape declaration has incorrect series value `mc'.
               It should not contain an `m'! Please correct it.
               Found on input line 26.


LaTeX Warning: Font shape declaration has incorrect series value `mc'.
               It should not contain an `m'! Please correct it.
               Found on input line 46.

) (/usr/local/texlive/2020/texmf-dist/tex/latex/base/utf8.def) [1{/usr/local/te
xlive/2020/texmf-var/fonts/map/pdftex/updmap/pdftex.map}]
Overfull \hbox (209.75021pt too wide) in paragraph at lines 73--73
 []\T1/zi4/m/n/10 consis_err(fq, derep, ref, lambda_out, sampling_size, ascii, 
min_E=0.05, min_P=1e-40, max_diff_abs=100, max_diff_ratio=0.01) 
[2] [3] [4]
Overfull \hbox (44.76044pt too wide) in paragraph at lines 251--251
 []\T1/zi4/m/n/10 Rbec(fastq, reference, outdir, threads=1, sampling_size=5000,
 ascii=33, min_cont_abs=0.03) 
[5] [6]
No file Rd2.ind.
[7] (./Rd2.aux)

Package rerunfilecheck Warning: File `Rd2.out' has changed.
(rerunfilecheck)                Rerun to get outlines right
(rerunfilecheck)                or use package `bookmark'.

 )
(see the transcript file for additional information){/usr/local/texlive/2020/te
xmf-dist/fonts/enc/dvips/base/8r.enc}{/usr/local/texlive/2020/texmf-dist/fonts/
enc/dvips/inconsolata/i4-t1-0.enc}</usr/local/texlive/2020/texmf-dist/fonts/typ
e1/public/inconsolata/Inconsolata-zi4r.pfb></usr/local/texlive/2020/texmf-dist/
fonts/type1/urw/helvetic/uhvr8a.pfb></usr/local/texlive/2020/texmf-dist/fonts/t
ype1/urw/times/utmb8a.pfb></usr/local/texlive/2020/texmf-dist/fonts/type1/urw/t
imes/utmr8a.pfb></usr/local/texlive/2020/texmf-dist/fonts/type1/urw/times/utmr8
a.pfb></usr/local/texlive/2020/texmf-dist/fonts/type1/urw/times/utmri8a.pfb>
Output written on Rd2.pdf (7 pages, 76420 bytes).
Transcript written on Rd2.log.
This is makeindex, version 2.15 [TeX Live 2020] (kpathsea + Thai support).
Scanning input file Rd2.idx....done (8 entries accepted, 0 rejected).
Sorting entries....done (22 comparisons).
Generating output file Rd2.ind....done (30 lines written, 0 warnings).
Output written in Rd2.ind.
Transcript written in Rd2.ilg.
This is pdfTeX, Version 3.14159265-2.6-1.40.21 (TeX Live 2020) (preloaded format=pdflatex)
 restricted \write18 enabled.
entering extended mode
LaTeX2e <2020-02-02> patch level 5
L3 programming layer <2020-03-06> (./Rd2.tex
(/usr/local/texlive/2020/texmf-dist/tex/latex/base/book.cls
Document Class: book 2019/12/20 v1.4l Standard LaTeX document class
(/usr/local/texlive/2020/texmf-dist/tex/latex/base/bk10.clo))
(/Library/Frameworks/R.framework/Resources/share/texmf/tex/latex/Rd.sty
(/usr/local/texlive/2020/texmf-dist/tex/latex/base/ifthen.sty)
(/usr/local/texlive/2020/texmf-dist/tex/latex/tools/longtable.sty)
(/usr/local/texlive/2020/texmf-dist/tex/latex/tools/bm.sty)
(/usr/local/texlive/2020/texmf-dist/tex/latex/base/alltt.sty)
(/usr/local/texlive/2020/texmf-dist/tex/latex/tools/verbatim.sty)
(/usr/local/texlive/2020/texmf-dist/tex/latex/url/url.sty)
(/usr/local/texlive/2020/texmf-dist/tex/latex/base/textcomp.sty)
(/usr/local/texlive/2020/texmf-dist/tex/latex/base/fontenc.sty)
(/usr/local/texlive/2020/texmf-dist/tex/latex/psnfss/times.sty)
(/usr/local/texlive/2020/texmf-dist/tex/latex/inconsolata/zi4.sty
`inconsolata-zi4' v1.12, 2019/05/17 Text macros for Inconsolata (msharpe)
(/usr/local/texlive/2020/texmf-dist/tex/latex/xkeyval/xkeyval.sty
(/usr/local/texlive/2020/texmf-dist/tex/generic/xkeyval/xkeyval.tex
(/usr/local/texlive/2020/texmf-dist/tex/generic/xkeyval/xkvutils.tex
(/usr/local/texlive/2020/texmf-dist/tex/generic/xkeyval/keyval.tex)))))
(/usr/local/texlive/2020/texmf-dist/tex/latex/graphics/color.sty
(/usr/local/texlive/2020/texmf-dist/tex/latex/graphics-cfg/color.cfg)
(/usr/local/texlive/2020/texmf-dist/tex/latex/graphics-def/pdftex.def))
(/usr/local/texlive/2020/texmf-dist/tex/latex/hyperref/hyperref.sty
(/usr/local/texlive/2020/texmf-dist/tex/generic/ltxcmds/ltxcmds.sty)
(/usr/local/texlive/2020/texmf-dist/tex/generic/iftex/iftex.sty)
(/usr/local/texlive/2020/texmf-dist/tex/latex/pdftexcmds/pdftexcmds.sty
(/usr/local/texlive/2020/texmf-dist/tex/generic/infwarerr/infwarerr.sty))
(/usr/local/texlive/2020/texmf-dist/tex/generic/kvsetkeys/kvsetkeys.sty)
(/usr/local/texlive/2020/texmf-dist/tex/generic/kvdefinekeys/kvdefinekeys.sty)
(/usr/local/texlive/2020/texmf-dist/tex/generic/pdfescape/pdfescape.sty)
(/usr/local/texlive/2020/texmf-dist/tex/latex/hycolor/hycolor.sty)
(/usr/local/texlive/2020/texmf-dist/tex/latex/letltxmacro/letltxmacro.sty)
(/usr/local/texlive/2020/texmf-dist/tex/latex/auxhook/auxhook.sty)
(/usr/local/texlive/2020/texmf-dist/tex/latex/kvoptions/kvoptions.sty)
(/usr/local/texlive/2020/texmf-dist/tex/latex/hyperref/pd1enc.def)
(/usr/local/texlive/2020/texmf-dist/tex/generic/intcalc/intcalc.sty)
(/usr/local/texlive/2020/texmf-dist/tex/generic/etexcmds/etexcmds.sty)
(/usr/local/texlive/2020/texmf-dist/tex/generic/bitset/bitset.sty
(/usr/local/texlive/2020/texmf-dist/tex/generic/bigintcalc/bigintcalc.sty))
(/usr/local/texlive/2020/texmf-dist/tex/generic/atbegshi/atbegshi.sty))
(/usr/local/texlive/2020/texmf-dist/tex/latex/hyperref/hpdftex.def
(/usr/local/texlive/2020/texmf-dist/tex/latex/atveryend/atveryend.sty)
(/usr/local/texlive/2020/texmf-dist/tex/latex/rerunfilecheck/rerunfilecheck.sty

(/usr/local/texlive/2020/texmf-dist/tex/generic/uniquecounter/uniquecounter.sty
)))

Package hyperref Warning: Option `hyperindex' has already been used,
(hyperref)                setting the option has no effect on input line 366.


Package hyperref Warning: Option `pagebackref' has already been used,
(hyperref)                setting the option has no effect on input line 366.

) (/usr/local/texlive/2020/texmf-dist/tex/latex/base/makeidx.sty)
(/usr/local/texlive/2020/texmf-dist/tex/latex/base/inputenc.sty
(/usr/local/texlive/2020/texmf-dist/tex/latex/base/latin1.def))
Writing index file Rd2.idx
(/usr/local/texlive/2020/texmf-dist/tex/latex/l3backend/l3backend-pdfmode.def)
(./Rd2.aux) (/usr/local/texlive/2020/texmf-dist/tex/latex/psnfss/t1ptm.fd)
(/usr/local/texlive/2020/texmf-dist/tex/context/base/mkii/supp-pdf.mkii
[Loading MPS to PDF converter (version 2006.09.02).]
) (/usr/local/texlive/2020/texmf-dist/tex/latex/hyperref/nameref.sty
(/usr/local/texlive/2020/texmf-dist/tex/latex/refcount/refcount.sty)
(/usr/local/texlive/2020/texmf-dist/tex/generic/gettitlestring/gettitlestring.s
ty)) (./Rd2.out) (./Rd2.out)
(/usr/local/texlive/2020/texmf-dist/tex/latex/inconsolata/t1zi4.fd)
(/usr/local/texlive/2020/texmf-dist/tex/latex/psnfss/t1phv.fd

LaTeX Warning: Font shape declaration has incorrect series value `mc'.
               It should not contain an `m'! Please correct it.
               Found on input line 20.


LaTeX Warning: Font shape declaration has incorrect series value `mc'.
               It should not contain an `m'! Please correct it.
               Found on input line 23.


LaTeX Warning: Font shape declaration has incorrect series value `mc'.
               It should not contain an `m'! Please correct it.
               Found on input line 26.


LaTeX Warning: Font shape declaration has incorrect series value `mc'.
               It should not contain an `m'! Please correct it.
               Found on input line 46.

) (./Rd2.toc) (/usr/local/texlive/2020/texmf-dist/tex/latex/base/utf8.def)
[1{/usr/local/texlive/2020/texmf-var/fonts/map/pdftex/updmap/pdftex.map}]
Overfull \hbox (209.75021pt too wide) in paragraph at lines 73--73
 []\T1/zi4/m/n/10 consis_err(fq, derep, ref, lambda_out, sampling_size, ascii, 
min_E=0.05, min_P=1e-40, max_diff_abs=100, max_diff_ratio=0.01) 
[2] [3] [4]
Overfull \hbox (44.76044pt too wide) in paragraph at lines 251--251
 []\T1/zi4/m/n/10 Rbec(fastq, reference, outdir, threads=1, sampling_size=5000,
 ascii=33, min_cont_abs=0.03) 
[5] [6] (./Rd2.ind [7] [8]) (./Rd2.aux)

Package rerunfilecheck Warning: File `Rd2.out' has changed.
(rerunfilecheck)                Rerun to get outlines right
(rerunfilecheck)                or use package `bookmark'.

 )
(see the transcript file for additional information){/usr/local/texlive/2020/te
xmf-dist/fonts/enc/dvips/base/8r.enc}{/usr/local/texlive/2020/texmf-dist/fonts/
enc/dvips/inconsolata/i4-t1-0.enc}</usr/local/texlive/2020/texmf-dist/fonts/typ
e1/public/inconsolata/Inconsolata-zi4r.pfb></usr/local/texlive/2020/texmf-dist/
fonts/type1/urw/helvetic/uhvr8a.pfb></usr/local/texlive/2020/texmf-dist/fonts/t
ype1/urw/times/utmb8a.pfb></usr/local/texlive/2020/texmf-dist/fonts/type1/urw/t
imes/utmr8a.pfb></usr/local/texlive/2020/texmf-dist/fonts/type1/urw/times/utmr8
a.pfb></usr/local/texlive/2020/texmf-dist/fonts/type1/urw/times/utmri8a.pfb>
Output written on Rd2.pdf (8 pages, 78417 bytes).
Transcript written on Rd2.log.
This is makeindex, version 2.15 [TeX Live 2020] (kpathsea + Thai support).
Scanning input file Rd2.idx....done (8 entries accepted, 0 rejected).
Sorting entries....done (22 comparisons).
Generating output file Rd2.ind....done (30 lines written, 0 warnings).
Output written in Rd2.ind.
Transcript written in Rd2.ilg.
This is pdfTeX, Version 3.14159265-2.6-1.40.21 (TeX Live 2020) (preloaded format=pdflatex)
 restricted \write18 enabled.
entering extended mode
LaTeX2e <2020-02-02> patch level 5
L3 programming layer <2020-03-06> (./Rd2.tex
(/usr/local/texlive/2020/texmf-dist/tex/latex/base/book.cls
Document Class: book 2019/12/20 v1.4l Standard LaTeX document class
(/usr/local/texlive/2020/texmf-dist/tex/latex/base/bk10.clo))
(/Library/Frameworks/R.framework/Resources/share/texmf/tex/latex/Rd.sty
(/usr/local/texlive/2020/texmf-dist/tex/latex/base/ifthen.sty)
(/usr/local/texlive/2020/texmf-dist/tex/latex/tools/longtable.sty)
(/usr/local/texlive/2020/texmf-dist/tex/latex/tools/bm.sty)
(/usr/local/texlive/2020/texmf-dist/tex/latex/base/alltt.sty)
(/usr/local/texlive/2020/texmf-dist/tex/latex/tools/verbatim.sty)
(/usr/local/texlive/2020/texmf-dist/tex/latex/url/url.sty)
(/usr/local/texlive/2020/texmf-dist/tex/latex/base/textcomp.sty)
(/usr/local/texlive/2020/texmf-dist/tex/latex/base/fontenc.sty)
(/usr/local/texlive/2020/texmf-dist/tex/latex/psnfss/times.sty)
(/usr/local/texlive/2020/texmf-dist/tex/latex/inconsolata/zi4.sty
`inconsolata-zi4' v1.12, 2019/05/17 Text macros for Inconsolata (msharpe)
(/usr/local/texlive/2020/texmf-dist/tex/latex/xkeyval/xkeyval.sty
(/usr/local/texlive/2020/texmf-dist/tex/generic/xkeyval/xkeyval.tex
(/usr/local/texlive/2020/texmf-dist/tex/generic/xkeyval/xkvutils.tex
(/usr/local/texlive/2020/texmf-dist/tex/generic/xkeyval/keyval.tex)))))
(/usr/local/texlive/2020/texmf-dist/tex/latex/graphics/color.sty
(/usr/local/texlive/2020/texmf-dist/tex/latex/graphics-cfg/color.cfg)
(/usr/local/texlive/2020/texmf-dist/tex/latex/graphics-def/pdftex.def))
(/usr/local/texlive/2020/texmf-dist/tex/latex/hyperref/hyperref.sty
(/usr/local/texlive/2020/texmf-dist/tex/generic/ltxcmds/ltxcmds.sty)
(/usr/local/texlive/2020/texmf-dist/tex/generic/iftex/iftex.sty)
(/usr/local/texlive/2020/texmf-dist/tex/latex/pdftexcmds/pdftexcmds.sty
(/usr/local/texlive/2020/texmf-dist/tex/generic/infwarerr/infwarerr.sty))
(/usr/local/texlive/2020/texmf-dist/tex/generic/kvsetkeys/kvsetkeys.sty)
(/usr/local/texlive/2020/texmf-dist/tex/generic/kvdefinekeys/kvdefinekeys.sty)
(/usr/local/texlive/2020/texmf-dist/tex/generic/pdfescape/pdfescape.sty)
(/usr/local/texlive/2020/texmf-dist/tex/latex/hycolor/hycolor.sty)
(/usr/local/texlive/2020/texmf-dist/tex/latex/letltxmacro/letltxmacro.sty)
(/usr/local/texlive/2020/texmf-dist/tex/latex/auxhook/auxhook.sty)
(/usr/local/texlive/2020/texmf-dist/tex/latex/kvoptions/kvoptions.sty)
(/usr/local/texlive/2020/texmf-dist/tex/latex/hyperref/pd1enc.def)
(/usr/local/texlive/2020/texmf-dist/tex/generic/intcalc/intcalc.sty)
(/usr/local/texlive/2020/texmf-dist/tex/generic/etexcmds/etexcmds.sty)
(/usr/local/texlive/2020/texmf-dist/tex/generic/bitset/bitset.sty
(/usr/local/texlive/2020/texmf-dist/tex/generic/bigintcalc/bigintcalc.sty))
(/usr/local/texlive/2020/texmf-dist/tex/generic/atbegshi/atbegshi.sty))
(/usr/local/texlive/2020/texmf-dist/tex/latex/hyperref/hpdftex.def
(/usr/local/texlive/2020/texmf-dist/tex/latex/atveryend/atveryend.sty)
(/usr/local/texlive/2020/texmf-dist/tex/latex/rerunfilecheck/rerunfilecheck.sty

(/usr/local/texlive/2020/texmf-dist/tex/generic/uniquecounter/uniquecounter.sty
)))

Package hyperref Warning: Option `hyperindex' has already been used,
(hyperref)                setting the option has no effect on input line 366.


Package hyperref Warning: Option `pagebackref' has already been used,
(hyperref)                setting the option has no effect on input line 366.

) (/usr/local/texlive/2020/texmf-dist/tex/latex/base/makeidx.sty)
(/usr/local/texlive/2020/texmf-dist/tex/latex/base/inputenc.sty
(/usr/local/texlive/2020/texmf-dist/tex/latex/base/latin1.def))
Writing index file Rd2.idx
(/usr/local/texlive/2020/texmf-dist/tex/latex/l3backend/l3backend-pdfmode.def)
(./Rd2.aux) (/usr/local/texlive/2020/texmf-dist/tex/latex/psnfss/t1ptm.fd)
(/usr/local/texlive/2020/texmf-dist/tex/context/base/mkii/supp-pdf.mkii
[Loading MPS to PDF converter (version 2006.09.02).]
) (/usr/local/texlive/2020/texmf-dist/tex/latex/hyperref/nameref.sty
(/usr/local/texlive/2020/texmf-dist/tex/latex/refcount/refcount.sty)
(/usr/local/texlive/2020/texmf-dist/tex/generic/gettitlestring/gettitlestring.s
ty)) (./Rd2.out) (./Rd2.out)
(/usr/local/texlive/2020/texmf-dist/tex/latex/inconsolata/t1zi4.fd)
(/usr/local/texlive/2020/texmf-dist/tex/latex/psnfss/t1phv.fd

LaTeX Warning: Font shape declaration has incorrect series value `mc'.
               It should not contain an `m'! Please correct it.
               Found on input line 20.


LaTeX Warning: Font shape declaration has incorrect series value `mc'.
               It should not contain an `m'! Please correct it.
               Found on input line 23.


LaTeX Warning: Font shape declaration has incorrect series value `mc'.
               It should not contain an `m'! Please correct it.
               Found on input line 26.


LaTeX Warning: Font shape declaration has incorrect series value `mc'.
               It should not contain an `m'! Please correct it.
               Found on input line 46.

) (./Rd2.toc) (/usr/local/texlive/2020/texmf-dist/tex/latex/base/utf8.def)
[1{/usr/local/texlive/2020/texmf-var/fonts/map/pdftex/updmap/pdftex.map}]
Overfull \hbox (209.75021pt too wide) in paragraph at lines 73--73
 []\T1/zi4/m/n/10 consis_err(fq, derep, ref, lambda_out, sampling_size, ascii, 
min_E=0.05, min_P=1e-40, max_diff_abs=100, max_diff_ratio=0.01) 
[2] [3] [4] [5]
Overfull \hbox (44.76044pt too wide) in paragraph at lines 251--251
 []\T1/zi4/m/n/10 Rbec(fastq, reference, outdir, threads=1, sampling_size=5000,
 ascii=33, min_cont_abs=0.03) 
[6] (./Rd2.ind [7] [8]) (./Rd2.aux) )
(see the transcript file for additional information){/usr/local/texlive/2020/te
xmf-dist/fonts/enc/dvips/base/8r.enc}{/usr/local/texlive/2020/texmf-dist/fonts/
enc/dvips/inconsolata/i4-t1-0.enc}</usr/local/texlive/2020/texmf-dist/fonts/typ
e1/public/inconsolata/Inconsolata-zi4r.pfb></usr/local/texlive/2020/texmf-dist/
fonts/type1/urw/helvetic/uhvr8a.pfb></usr/local/texlive/2020/texmf-dist/fonts/t
ype1/urw/times/utmb8a.pfb></usr/local/texlive/2020/texmf-dist/fonts/type1/urw/t
imes/utmr8a.pfb></usr/local/texlive/2020/texmf-dist/fonts/type1/urw/times/utmr8
a.pfb></usr/local/texlive/2020/texmf-dist/fonts/type1/urw/times/utmri8a.pfb>
Output written on Rd2.pdf (8 pages, 79277 bytes).
Transcript written on Rd2.log.
This is makeindex, version 2.15 [TeX Live 2020] (kpathsea + Thai support).
Scanning input file Rd2.idx....done (8 entries accepted, 0 rejected).
Sorting entries....done (22 comparisons).
Generating output file Rd2.ind....done (30 lines written, 0 warnings).
Output written in Rd2.ind.
Transcript written in Rd2.ilg.
This is pdfTeX, Version 3.14159265-2.6-1.40.21 (TeX Live 2020) (preloaded format=pdflatex)
 restricted \write18 enabled.
entering extended mode
LaTeX2e <2020-02-02> patch level 5
L3 programming layer <2020-03-06> (./Rd2.tex
(/usr/local/texlive/2020/texmf-dist/tex/latex/base/book.cls
Document Class: book 2019/12/20 v1.4l Standard LaTeX document class
(/usr/local/texlive/2020/texmf-dist/tex/latex/base/bk10.clo))
(/Library/Frameworks/R.framework/Resources/share/texmf/tex/latex/Rd.sty
(/usr/local/texlive/2020/texmf-dist/tex/latex/base/ifthen.sty)
(/usr/local/texlive/2020/texmf-dist/tex/latex/tools/longtable.sty)
(/usr/local/texlive/2020/texmf-dist/tex/latex/tools/bm.sty)
(/usr/local/texlive/2020/texmf-dist/tex/latex/base/alltt.sty)
(/usr/local/texlive/2020/texmf-dist/tex/latex/tools/verbatim.sty)
(/usr/local/texlive/2020/texmf-dist/tex/latex/url/url.sty)
(/usr/local/texlive/2020/texmf-dist/tex/latex/base/textcomp.sty)
(/usr/local/texlive/2020/texmf-dist/tex/latex/base/fontenc.sty)
(/usr/local/texlive/2020/texmf-dist/tex/latex/psnfss/times.sty)
(/usr/local/texlive/2020/texmf-dist/tex/latex/inconsolata/zi4.sty
`inconsolata-zi4' v1.12, 2019/05/17 Text macros for Inconsolata (msharpe)
(/usr/local/texlive/2020/texmf-dist/tex/latex/xkeyval/xkeyval.sty
(/usr/local/texlive/2020/texmf-dist/tex/generic/xkeyval/xkeyval.tex
(/usr/local/texlive/2020/texmf-dist/tex/generic/xkeyval/xkvutils.tex
(/usr/local/texlive/2020/texmf-dist/tex/generic/xkeyval/keyval.tex)))))
(/usr/local/texlive/2020/texmf-dist/tex/latex/graphics/color.sty
(/usr/local/texlive/2020/texmf-dist/tex/latex/graphics-cfg/color.cfg)
(/usr/local/texlive/2020/texmf-dist/tex/latex/graphics-def/pdftex.def))
(/usr/local/texlive/2020/texmf-dist/tex/latex/hyperref/hyperref.sty
(/usr/local/texlive/2020/texmf-dist/tex/generic/ltxcmds/ltxcmds.sty)
(/usr/local/texlive/2020/texmf-dist/tex/generic/iftex/iftex.sty)
(/usr/local/texlive/2020/texmf-dist/tex/latex/pdftexcmds/pdftexcmds.sty
(/usr/local/texlive/2020/texmf-dist/tex/generic/infwarerr/infwarerr.sty))
(/usr/local/texlive/2020/texmf-dist/tex/generic/kvsetkeys/kvsetkeys.sty)
(/usr/local/texlive/2020/texmf-dist/tex/generic/kvdefinekeys/kvdefinekeys.sty)
(/usr/local/texlive/2020/texmf-dist/tex/generic/pdfescape/pdfescape.sty)
(/usr/local/texlive/2020/texmf-dist/tex/latex/hycolor/hycolor.sty)
(/usr/local/texlive/2020/texmf-dist/tex/latex/letltxmacro/letltxmacro.sty)
(/usr/local/texlive/2020/texmf-dist/tex/latex/auxhook/auxhook.sty)
(/usr/local/texlive/2020/texmf-dist/tex/latex/kvoptions/kvoptions.sty)
(/usr/local/texlive/2020/texmf-dist/tex/latex/hyperref/pd1enc.def)
(/usr/local/texlive/2020/texmf-dist/tex/generic/intcalc/intcalc.sty)
(/usr/local/texlive/2020/texmf-dist/tex/generic/etexcmds/etexcmds.sty)
(/usr/local/texlive/2020/texmf-dist/tex/generic/bitset/bitset.sty
(/usr/local/texlive/2020/texmf-dist/tex/generic/bigintcalc/bigintcalc.sty))
(/usr/local/texlive/2020/texmf-dist/tex/generic/atbegshi/atbegshi.sty))
(/usr/local/texlive/2020/texmf-dist/tex/latex/hyperref/hpdftex.def
(/usr/local/texlive/2020/texmf-dist/tex/latex/atveryend/atveryend.sty)
(/usr/local/texlive/2020/texmf-dist/tex/latex/rerunfilecheck/rerunfilecheck.sty

(/usr/local/texlive/2020/texmf-dist/tex/generic/uniquecounter/uniquecounter.sty
)))

Package hyperref Warning: Option `hyperindex' has already been used,
(hyperref)                setting the option has no effect on input line 366.


Package hyperref Warning: Option `pagebackref' has already been used,
(hyperref)                setting the option has no effect on input line 366.

) (/usr/local/texlive/2020/texmf-dist/tex/latex/base/makeidx.sty)
(/usr/local/texlive/2020/texmf-dist/tex/latex/base/inputenc.sty
(/usr/local/texlive/2020/texmf-dist/tex/latex/base/latin1.def))
Writing index file Rd2.idx
(/usr/local/texlive/2020/texmf-dist/tex/latex/l3backend/l3backend-pdfmode.def)
(./Rd2.aux) (/usr/local/texlive/2020/texmf-dist/tex/latex/psnfss/t1ptm.fd)
(/usr/local/texlive/2020/texmf-dist/tex/context/base/mkii/supp-pdf.mkii
[Loading MPS to PDF converter (version 2006.09.02).]
) (/usr/local/texlive/2020/texmf-dist/tex/latex/hyperref/nameref.sty
(/usr/local/texlive/2020/texmf-dist/tex/latex/refcount/refcount.sty)
(/usr/local/texlive/2020/texmf-dist/tex/generic/gettitlestring/gettitlestring.s
ty)) (./Rd2.out) (./Rd2.out)
(/usr/local/texlive/2020/texmf-dist/tex/latex/inconsolata/t1zi4.fd)
(/usr/local/texlive/2020/texmf-dist/tex/latex/psnfss/t1phv.fd

LaTeX Warning: Font shape declaration has incorrect series value `mc'.
               It should not contain an `m'! Please correct it.
               Found on input line 20.


LaTeX Warning: Font shape declaration has incorrect series value `mc'.
               It should not contain an `m'! Please correct it.
               Found on input line 23.


LaTeX Warning: Font shape declaration has incorrect series value `mc'.
               It should not contain an `m'! Please correct it.
               Found on input line 26.


LaTeX Warning: Font shape declaration has incorrect series value `mc'.
               It should not contain an `m'! Please correct it.
               Found on input line 46.

) (./Rd2.toc) (/usr/local/texlive/2020/texmf-dist/tex/latex/base/utf8.def)
[1{/usr/local/texlive/2020/texmf-var/fonts/map/pdftex/updmap/pdftex.map}]
Overfull \hbox (209.75021pt too wide) in paragraph at lines 73--73
 []\T1/zi4/m/n/10 consis_err(fq, derep, ref, lambda_out, sampling_size, ascii, 
min_E=0.05, min_P=1e-40, max_diff_abs=100, max_diff_ratio=0.01) 
[2] [3] [4] [5]
Overfull \hbox (44.76044pt too wide) in paragraph at lines 251--251
 []\T1/zi4/m/n/10 Rbec(fastq, reference, outdir, threads=1, sampling_size=5000,
 ascii=33, min_cont_abs=0.03) 
[6] (./Rd2.ind [7] [8]) (./Rd2.aux) )
(see the transcript file for additional information){/usr/local/texlive/2020/te
xmf-dist/fonts/enc/dvips/base/8r.enc}{/usr/local/texlive/2020/texmf-dist/fonts/
enc/dvips/inconsolata/i4-t1-0.enc}</usr/local/texlive/2020/texmf-dist/fonts/typ
e1/public/inconsolata/Inconsolata-zi4r.pfb></usr/local/texlive/2020/texmf-dist/
fonts/type1/urw/helvetic/uhvr8a.pfb></usr/local/texlive/2020/texmf-dist/fonts/t
ype1/urw/times/utmb8a.pfb></usr/local/texlive/2020/texmf-dist/fonts/type1/urw/t
imes/utmr8a.pfb></usr/local/texlive/2020/texmf-dist/fonts/type1/urw/times/utmr8
a.pfb></usr/local/texlive/2020/texmf-dist/fonts/type1/urw/times/utmri8a.pfb>
Output written on Rd2.pdf (8 pages, 79276 bytes).
Transcript written on Rd2.log.
Saving output to ‘Rbec-manual.pdf’ ...
Done
You may want to clean up by 'rm -Rf /var/folders/mq/1fc8fc6d7rl882kym86nztw00000gn/T//RtmpOp4dBT/Rd2pdf976f2ed9a8ec'
